[2025-08-21T08:03:57.177+0000] {manager.py:487} INFO - Processing files using up to 1 processes at a time 
[2025-08-21T08:03:57.179+0000] {manager.py:488} INFO - Process each file at most once every 30 seconds
[2025-08-21T08:03:57.180+0000] {manager.py:489} INFO - Checking for new files in /opt/airflow/dags every 300 seconds
[2025-08-21T08:03:57.181+0000] {manager.py:755} INFO - Searching for files in /opt/airflow/dags
[2025-08-21T08:03:57.223+0000] {manager.py:758} INFO - There are 1 files in /opt/airflow/dags
[2025-08-21T08:03:58.339+0000] {manager.py:887} INFO - 
================================================================================
DAG File Processing Stats

File Path                          PID    Runtime      # DAGs    # Errors  Last Runtime    Last Run
---------------------------------  -----  ---------  --------  ----------  --------------  -------------------
/opt/airflow/dags/etl_pipeline.py                           1           0  0.92s           2025-08-21T08:03:58
================================================================================
[2025-08-21T08:04:29.295+0000] {manager.py:887} INFO - 
================================================================================
DAG File Processing Stats

File Path                          PID    Runtime      # DAGs    # Errors  Last Runtime    Last Run
---------------------------------  -----  ---------  --------  ----------  --------------  -------------------
/opt/airflow/dags/etl_pipeline.py                           1           0  0.31s           2025-08-21T08:04:29
================================================================================
[2025-08-21T08:05:00.690+0000] {manager.py:887} INFO - 
================================================================================
DAG File Processing Stats

File Path                          PID    Runtime      # DAGs    # Errors  Last Runtime    Last Run
---------------------------------  -----  ---------  --------  ----------  --------------  -------------------
/opt/airflow/dags/etl_pipeline.py                           1           0  0.31s           2025-08-21T08:05:00
================================================================================
[2025-08-21T08:05:31.293+0000] {manager.py:887} INFO - 
================================================================================
DAG File Processing Stats

File Path                          PID    Runtime      # DAGs    # Errors  Last Runtime    Last Run
---------------------------------  -----  ---------  --------  ----------  --------------  -------------------
/opt/airflow/dags/etl_pipeline.py                           1           0  0.41s           2025-08-21T08:05:31
================================================================================
[2025-08-21T08:06:00.885+0000] {manager.py:487} INFO - Processing files using up to 1 processes at a time 
[2025-08-21T08:06:00.886+0000] {manager.py:488} INFO - Process each file at most once every 30 seconds
[2025-08-21T08:06:00.887+0000] {manager.py:489} INFO - Checking for new files in /opt/airflow/dags every 300 seconds
[2025-08-21T08:06:00.889+0000] {manager.py:755} INFO - Searching for files in /opt/airflow/dags
[2025-08-21T08:06:00.927+0000] {manager.py:758} INFO - There are 1 files in /opt/airflow/dags
[2025-08-21T08:06:01.621+0000] {manager.py:887} INFO - 
================================================================================
DAG File Processing Stats

File Path                          PID    Runtime      # DAGs    # Errors  Last Runtime    Last Run
---------------------------------  -----  ---------  --------  ----------  --------------  -------------------
/opt/airflow/dags/etl_pipeline.py                           1           0  0.42s           2025-08-21T08:06:01
================================================================================
[2025-08-21T08:06:01.940+0000] {manager.py:887} INFO - 
================================================================================
DAG File Processing Stats

File Path                          PID    Runtime      # DAGs    # Errors  Last Runtime    Last Run
---------------------------------  -----  ---------  --------  ----------  --------------  -------------------
/opt/airflow/dags/etl_pipeline.py                           1           0  0.52s           2025-08-21T08:06:01
================================================================================
[2025-08-21T08:06:32.084+0000] {manager.py:887} INFO - 
================================================================================
DAG File Processing Stats

File Path                          PID    Runtime      # DAGs    # Errors  Last Runtime    Last Run
---------------------------------  -----  ---------  --------  ----------  --------------  -------------------
/opt/airflow/dags/etl_pipeline.py                           1           0  0.41s           2025-08-21T08:06:32
================================================================================
[2025-08-21T08:06:32.544+0000] {manager.py:887} INFO - 
================================================================================
DAG File Processing Stats

File Path                          PID    Runtime      # DAGs    # Errors  Last Runtime    Last Run
---------------------------------  -----  ---------  --------  ----------  --------------  -------------------
/opt/airflow/dags/etl_pipeline.py                           1           0  0.31s           2025-08-21T08:06:32
================================================================================
[2025-08-21T08:07:03.494+0000] {manager.py:887} INFO - 
================================================================================
DAG File Processing Stats

File Path                          PID    Runtime      # DAGs    # Errors  Last Runtime    Last Run
---------------------------------  -----  ---------  --------  ----------  --------------  -------------------
/opt/airflow/dags/etl_pipeline.py                           1           0  0.31s           2025-08-21T08:07:03
================================================================================
[2025-08-21T08:07:03.688+0000] {manager.py:887} INFO - 
================================================================================
DAG File Processing Stats

File Path                          PID    Runtime      # DAGs    # Errors  Last Runtime    Last Run
---------------------------------  -----  ---------  --------  ----------  --------------  -------------------
/opt/airflow/dags/etl_pipeline.py                           1           0  0.31s           2025-08-21T08:07:03
================================================================================
[2025-08-21T08:07:34.545+0000] {manager.py:887} INFO - 
================================================================================
DAG File Processing Stats

File Path                          PID    Runtime      # DAGs    # Errors  Last Runtime    Last Run
---------------------------------  -----  ---------  --------  ----------  --------------  -------------------
/opt/airflow/dags/etl_pipeline.py                           1           0  0.41s           2025-08-21T08:07:34
================================================================================
[2025-08-21T08:07:34.982+0000] {manager.py:887} INFO - 
================================================================================
DAG File Processing Stats

File Path                          PID    Runtime      # DAGs    # Errors  Last Runtime    Last Run
---------------------------------  -----  ---------  --------  ----------  --------------  -------------------
/opt/airflow/dags/etl_pipeline.py                           1           0  0.31s           2025-08-21T08:07:34
================================================================================
[2025-08-21T08:08:05.824+0000] {manager.py:887} INFO - 
================================================================================
DAG File Processing Stats

File Path                          PID    Runtime      # DAGs    # Errors  Last Runtime    Last Run
---------------------------------  -----  ---------  --------  ----------  --------------  -------------------
/opt/airflow/dags/etl_pipeline.py                           1           0  0.33s           2025-08-21T08:08:05
================================================================================
[2025-08-21T08:08:06.519+0000] {manager.py:887} INFO - 
================================================================================
DAG File Processing Stats

File Path                          PID    Runtime      # DAGs    # Errors  Last Runtime    Last Run
---------------------------------  -----  ---------  --------  ----------  --------------  -------------------
/opt/airflow/dags/etl_pipeline.py                           1           0  0.31s           2025-08-21T08:08:06
================================================================================
[2025-08-21T08:08:37.124+0000] {manager.py:887} INFO - 
================================================================================
DAG File Processing Stats

File Path                          PID    Runtime      # DAGs    # Errors  Last Runtime    Last Run
---------------------------------  -----  ---------  --------  ----------  --------------  -------------------
/opt/airflow/dags/etl_pipeline.py                           1           0  1.03s           2025-08-21T08:08:37
================================================================================
[2025-08-21T08:08:38.156+0000] {manager.py:887} INFO - 
================================================================================
DAG File Processing Stats

File Path                          PID    Runtime      # DAGs    # Errors  Last Runtime    Last Run
---------------------------------  -----  ---------  --------  ----------  --------------  -------------------
/opt/airflow/dags/etl_pipeline.py                           1           0  0.72s           2025-08-21T08:08:38
================================================================================
[2025-08-21T08:08:58.229+0000] {manager.py:755} INFO - Searching for files in /opt/airflow/dags
[2025-08-21T08:08:58.272+0000] {manager.py:758} INFO - There are 1 files in /opt/airflow/dags
[2025-08-21T08:09:08.156+0000] {manager.py:887} INFO - 
================================================================================
DAG File Processing Stats

File Path                          PID    Runtime      # DAGs    # Errors  Last Runtime    Last Run
---------------------------------  -----  ---------  --------  ----------  --------------  -------------------
/opt/airflow/dags/etl_pipeline.py                           1           0  0.41s           2025-08-21T08:09:08
================================================================================
[2025-08-21T08:09:08.996+0000] {manager.py:887} INFO - 
================================================================================
DAG File Processing Stats

File Path                          PID    Runtime      # DAGs    # Errors  Last Runtime    Last Run
---------------------------------  -----  ---------  --------  ----------  --------------  -------------------
/opt/airflow/dags/etl_pipeline.py                           1           0  0.41s           2025-08-21T08:09:08
================================================================================
[2025-08-21T08:09:39.152+0000] {manager.py:887} INFO - 
================================================================================
DAG File Processing Stats

File Path                          PID    Runtime      # DAGs    # Errors  Last Runtime    Last Run
---------------------------------  -----  ---------  --------  ----------  --------------  -------------------
/opt/airflow/dags/etl_pipeline.py                           1           0  0.31s           2025-08-21T08:09:38
================================================================================
[2025-08-21T08:09:40.446+0000] {manager.py:887} INFO - 
================================================================================
DAG File Processing Stats

File Path                          PID    Runtime      # DAGs    # Errors  Last Runtime    Last Run
---------------------------------  -----  ---------  --------  ----------  --------------  -------------------
/opt/airflow/dags/etl_pipeline.py                           1           0  0.41s           2025-08-21T08:09:40
================================================================================
[2025-08-21T08:10:09.738+0000] {manager.py:887} INFO - 
================================================================================
DAG File Processing Stats

File Path                          PID    Runtime      # DAGs    # Errors  Last Runtime    Last Run
---------------------------------  -----  ---------  --------  ----------  --------------  -------------------
/opt/airflow/dags/etl_pipeline.py                           1           0  0.42s           2025-08-21T08:10:09
================================================================================
[2025-08-21T08:10:11.600+0000] {manager.py:887} INFO - 
================================================================================
DAG File Processing Stats

File Path                          PID    Runtime      # DAGs    # Errors  Last Runtime    Last Run
---------------------------------  -----  ---------  --------  ----------  --------------  -------------------
/opt/airflow/dags/etl_pipeline.py                           1           0  0.43s           2025-08-21T08:10:11
================================================================================
[2025-08-21T08:10:40.725+0000] {manager.py:887} INFO - 
================================================================================
DAG File Processing Stats

File Path                          PID    Runtime      # DAGs    # Errors  Last Runtime    Last Run
---------------------------------  -----  ---------  --------  ----------  --------------  -------------------
/opt/airflow/dags/etl_pipeline.py                           1           0  0.41s           2025-08-21T08:10:40
================================================================================
[2025-08-21T08:10:42.946+0000] {manager.py:887} INFO - 
================================================================================
DAG File Processing Stats

File Path                          PID    Runtime      # DAGs    # Errors  Last Runtime    Last Run
---------------------------------  -----  ---------  --------  ----------  --------------  -------------------
/opt/airflow/dags/etl_pipeline.py                           1           0  0.51s           2025-08-21T08:10:42
================================================================================
[2025-08-21T08:11:01.107+0000] {manager.py:755} INFO - Searching for files in /opt/airflow/dags
[2025-08-21T08:11:01.165+0000] {manager.py:758} INFO - There are 1 files in /opt/airflow/dags
[2025-08-21T08:11:11.139+0000] {manager.py:887} INFO - 
================================================================================
DAG File Processing Stats

File Path                          PID    Runtime      # DAGs    # Errors  Last Runtime    Last Run
---------------------------------  -----  ---------  --------  ----------  --------------  -------------------
/opt/airflow/dags/etl_pipeline.py                           1           0  0.31s           2025-08-21T08:11:11
================================================================================
[2025-08-21T08:11:13.971+0000] {manager.py:887} INFO - 
================================================================================
DAG File Processing Stats

File Path                          PID    Runtime      # DAGs    # Errors  Last Runtime    Last Run
---------------------------------  -----  ---------  --------  ----------  --------------  -------------------
/opt/airflow/dags/etl_pipeline.py                           1           0  0.31s           2025-08-21T08:11:13
================================================================================
[2025-08-21T08:11:42.428+0000] {manager.py:887} INFO - 
================================================================================
DAG File Processing Stats

File Path                          PID    Runtime      # DAGs    # Errors  Last Runtime    Last Run
---------------------------------  -----  ---------  --------  ----------  --------------  -------------------
/opt/airflow/dags/etl_pipeline.py                           1           0  0.41s           2025-08-21T08:11:42
================================================================================
[2025-08-21T08:11:45.357+0000] {manager.py:887} INFO - 
================================================================================
DAG File Processing Stats

File Path                          PID    Runtime      # DAGs    # Errors  Last Runtime    Last Run
---------------------------------  -----  ---------  --------  ----------  --------------  -------------------
/opt/airflow/dags/etl_pipeline.py                           1           0  0.31s           2025-08-21T08:11:45
================================================================================
[2025-08-21T08:11:54.641+0000] {manager.py:487} INFO - Processing files using up to 1 processes at a time 
[2025-08-21T08:11:54.642+0000] {manager.py:488} INFO - Process each file at most once every 30 seconds
[2025-08-21T08:11:54.642+0000] {manager.py:489} INFO - Checking for new files in /opt/airflow/dags every 300 seconds
[2025-08-21T08:11:54.643+0000] {manager.py:755} INFO - Searching for files in /opt/airflow/dags
[2025-08-21T08:11:54.666+0000] {manager.py:758} INFO - There are 1 files in /opt/airflow/dags
[2025-08-21T08:11:55.800+0000] {manager.py:887} INFO - 
================================================================================
DAG File Processing Stats

File Path                          PID    Runtime      # DAGs    # Errors  Last Runtime    Last Run
---------------------------------  -----  ---------  --------  ----------  --------------  -------------------
/opt/airflow/dags/etl_pipeline.py                           1           0  0.82s           2025-08-21T08:11:55
================================================================================
[2025-08-21T08:12:13.644+0000] {manager.py:887} INFO - 
================================================================================
DAG File Processing Stats

File Path                          PID    Runtime      # DAGs    # Errors  Last Runtime    Last Run
---------------------------------  -----  ---------  --------  ----------  --------------  -------------------
/opt/airflow/dags/etl_pipeline.py                           1           0  0.51s           2025-08-21T08:12:13
================================================================================
[2025-08-21T08:12:16.881+0000] {manager.py:887} INFO - 
================================================================================
DAG File Processing Stats

File Path                          PID    Runtime      # DAGs    # Errors  Last Runtime    Last Run
---------------------------------  -----  ---------  --------  ----------  --------------  -------------------
/opt/airflow/dags/etl_pipeline.py                           1           0  0.43s           2025-08-21T08:12:16
================================================================================
[2025-08-21T08:12:26.136+0000] {manager.py:887} INFO - 
================================================================================
DAG File Processing Stats

File Path                          PID    Runtime      # DAGs    # Errors  Last Runtime    Last Run
---------------------------------  -----  ---------  --------  ----------  --------------  -------------------
/opt/airflow/dags/etl_pipeline.py                           1           0  0.31s           2025-08-21T08:12:26
================================================================================
[2025-08-21T08:12:44.150+0000] {manager.py:887} INFO - 
================================================================================
DAG File Processing Stats

File Path                          PID    Runtime      # DAGs    # Errors  Last Runtime    Last Run
---------------------------------  -----  ---------  --------  ----------  --------------  -------------------
/opt/airflow/dags/etl_pipeline.py                           1           0  0.41s           2025-08-21T08:12:44
================================================================================
[2025-08-21T08:12:48.154+0000] {manager.py:887} INFO - 
================================================================================
DAG File Processing Stats

File Path                          PID    Runtime      # DAGs    # Errors  Last Runtime    Last Run
---------------------------------  -----  ---------  --------  ----------  --------------  -------------------
/opt/airflow/dags/etl_pipeline.py                           1           0  0.41s           2025-08-21T08:12:48
================================================================================
[2025-08-21T08:12:58.353+0000] {manager.py:887} INFO - 
================================================================================
DAG File Processing Stats

File Path                          PID    Runtime      # DAGs    # Errors  Last Runtime    Last Run
---------------------------------  -----  ---------  --------  ----------  --------------  -------------------
/opt/airflow/dags/etl_pipeline.py                           1           0  1.33s           2025-08-21T08:12:58
================================================================================
[2025-08-21T08:13:15.468+0000] {manager.py:887} INFO - 
================================================================================
DAG File Processing Stats

File Path                          PID    Runtime      # DAGs    # Errors  Last Runtime    Last Run
---------------------------------  -----  ---------  --------  ----------  --------------  -------------------
/opt/airflow/dags/etl_pipeline.py                           1           0  0.42s           2025-08-21T08:13:15
================================================================================
[2025-08-21T08:13:18.503+0000] {manager.py:887} INFO - 
================================================================================
DAG File Processing Stats

File Path                          PID    Runtime      # DAGs    # Errors  Last Runtime    Last Run
---------------------------------  -----  ---------  --------  ----------  --------------  -------------------
/opt/airflow/dags/etl_pipeline.py                           1           0  0.31s           2025-08-21T08:13:18
================================================================================
[2025-08-21T08:13:29.081+0000] {manager.py:887} INFO - 
================================================================================
DAG File Processing Stats

File Path                          PID    Runtime      # DAGs    # Errors  Last Runtime    Last Run
---------------------------------  -----  ---------  --------  ----------  --------------  -------------------
/opt/airflow/dags/etl_pipeline.py                           1           0  0.31s           2025-08-21T08:13:29
================================================================================
[2025-08-21T08:13:46.436+0000] {manager.py:887} INFO - 
================================================================================
DAG File Processing Stats

File Path                          PID    Runtime      # DAGs    # Errors  Last Runtime    Last Run
---------------------------------  -----  ---------  --------  ----------  --------------  -------------------
/opt/airflow/dags/etl_pipeline.py                           1           0  0.31s           2025-08-21T08:13:46
================================================================================
[2025-08-21T08:13:49.744+0000] {manager.py:887} INFO - 
================================================================================
DAG File Processing Stats

File Path                          PID    Runtime      # DAGs    # Errors  Last Runtime    Last Run
---------------------------------  -----  ---------  --------  ----------  --------------  -------------------
/opt/airflow/dags/etl_pipeline.py                           1           0  0.31s           2025-08-21T08:13:49
================================================================================
[2025-08-21T08:13:58.838+0000] {manager.py:755} INFO - Searching for files in /opt/airflow/dags
[2025-08-21T08:13:58.870+0000] {manager.py:758} INFO - There are 1 files in /opt/airflow/dags
[2025-08-21T08:13:59.616+0000] {manager.py:887} INFO - 
================================================================================
DAG File Processing Stats

File Path                          PID    Runtime      # DAGs    # Errors  Last Runtime    Last Run
---------------------------------  -----  ---------  --------  ----------  --------------  -------------------
/opt/airflow/dags/etl_pipeline.py                           1           0  0.31s           2025-08-21T08:13:59
================================================================================
[2025-08-21T08:14:17.023+0000] {manager.py:887} INFO - 
================================================================================
DAG File Processing Stats

File Path                          PID    Runtime      # DAGs    # Errors  Last Runtime    Last Run
---------------------------------  -----  ---------  --------  ----------  --------------  -------------------
/opt/airflow/dags/etl_pipeline.py                           1           0  0.21s           2025-08-21T08:14:17
================================================================================
[2025-08-21T08:14:21.124+0000] {manager.py:887} INFO - 
================================================================================
DAG File Processing Stats

File Path                          PID    Runtime      # DAGs    # Errors  Last Runtime    Last Run
---------------------------------  -----  ---------  --------  ----------  --------------  -------------------
/opt/airflow/dags/etl_pipeline.py                           1           0  0.31s           2025-08-21T08:14:21
================================================================================
[2025-08-21T08:14:30.685+0000] {manager.py:887} INFO - 
================================================================================
DAG File Processing Stats

File Path                          PID    Runtime      # DAGs    # Errors  Last Runtime    Last Run
---------------------------------  -----  ---------  --------  ----------  --------------  -------------------
/opt/airflow/dags/etl_pipeline.py                           1           0  0.52s           2025-08-21T08:14:30
================================================================================
[2025-08-21T08:14:43.106+0000] {manager.py:469} INFO - Exiting gracefully upon receiving signal 15
[2025-08-21T08:14:43.112+0000] {manager.py:469} INFO - Exiting gracefully upon receiving signal 15
[2025-08-21T08:14:43.115+0000] {manager.py:469} INFO - Exiting gracefully upon receiving signal 15
[2025-08-21T08:17:02.230+0000] {manager.py:487} INFO - Processing files using up to 1 processes at a time 
[2025-08-21T08:17:02.231+0000] {manager.py:488} INFO - Process each file at most once every 30 seconds
[2025-08-21T08:17:02.232+0000] {manager.py:489} INFO - Checking for new files in /opt/airflow/dags every 300 seconds
[2025-08-21T08:17:02.232+0000] {manager.py:755} INFO - Searching for files in /opt/airflow/dags
[2025-08-21T08:17:02.260+0000] {manager.py:758} INFO - There are 1 files in /opt/airflow/dags
[2025-08-21T08:17:02.762+0000] {manager.py:887} INFO - 
================================================================================
DAG File Processing Stats

File Path                          PID    Runtime      # DAGs    # Errors  Last Runtime    Last Run
---------------------------------  -----  ---------  --------  ----------  --------------  -------------------
/opt/airflow/dags/etl_pipeline.py                           1           0  0.31s           2025-08-21T08:17:02
================================================================================
[2025-08-21T08:17:33.584+0000] {manager.py:887} INFO - 
================================================================================
DAG File Processing Stats

File Path                          PID    Runtime      # DAGs    # Errors  Last Runtime    Last Run
---------------------------------  -----  ---------  --------  ----------  --------------  -------------------
/opt/airflow/dags/etl_pipeline.py                           1           0  0.31s           2025-08-21T08:17:33
================================================================================
[2025-08-21T08:18:04.509+0000] {manager.py:887} INFO - 
================================================================================
DAG File Processing Stats

File Path                          PID    Runtime      # DAGs    # Errors  Last Runtime    Last Run
---------------------------------  -----  ---------  --------  ----------  --------------  -------------------
/opt/airflow/dags/etl_pipeline.py                           1           0  0.32s           2025-08-21T08:18:04
================================================================================
[2025-08-21T08:18:35.506+0000] {manager.py:887} INFO - 
================================================================================
DAG File Processing Stats

File Path                          PID    Runtime      # DAGs    # Errors  Last Runtime    Last Run
---------------------------------  -----  ---------  --------  ----------  --------------  -------------------
/opt/airflow/dags/etl_pipeline.py                           1           0  0.31s           2025-08-21T08:18:35
================================================================================
[2025-08-21T08:19:06.006+0000] {manager.py:887} INFO - 
================================================================================
DAG File Processing Stats

File Path                          PID    Runtime      # DAGs    # Errors  Last Runtime    Last Run
---------------------------------  -----  ---------  --------  ----------  --------------  -------------------
/opt/airflow/dags/etl_pipeline.py                           1           0  0.21s           2025-08-21T08:19:06
================================================================================
[2025-08-21T08:19:36.721+0000] {manager.py:887} INFO - 
================================================================================
DAG File Processing Stats

File Path                          PID    Runtime      # DAGs    # Errors  Last Runtime    Last Run
---------------------------------  -----  ---------  --------  ----------  --------------  -------------------
/opt/airflow/dags/etl_pipeline.py                           1           0  0.31s           2025-08-21T08:19:36
================================================================================
[2025-08-21T08:20:07.574+0000] {manager.py:887} INFO - 
================================================================================
DAG File Processing Stats

File Path                          PID    Runtime      # DAGs    # Errors  Last Runtime    Last Run
---------------------------------  -----  ---------  --------  ----------  --------------  -------------------
/opt/airflow/dags/etl_pipeline.py                           1           0  0.52s           2025-08-21T08:20:07
================================================================================
[2025-08-21T08:20:38.223+0000] {manager.py:887} INFO - 
================================================================================
DAG File Processing Stats

File Path                          PID    Runtime      # DAGs    # Errors  Last Runtime    Last Run
---------------------------------  -----  ---------  --------  ----------  --------------  -------------------
/opt/airflow/dags/etl_pipeline.py                           1           0  0.41s           2025-08-21T08:20:38
================================================================================
[2025-08-21T08:21:09.406+0000] {manager.py:887} INFO - 
================================================================================
DAG File Processing Stats

File Path                          PID    Runtime      # DAGs    # Errors  Last Runtime    Last Run
---------------------------------  -----  ---------  --------  ----------  --------------  -------------------
/opt/airflow/dags/etl_pipeline.py                           1           0  0.41s           2025-08-21T08:21:09
================================================================================
[2025-08-21T08:21:40.538+0000] {manager.py:887} INFO - 
================================================================================
DAG File Processing Stats

File Path                          PID    Runtime      # DAGs    # Errors  Last Runtime    Last Run
---------------------------------  -----  ---------  --------  ----------  --------------  -------------------
/opt/airflow/dags/etl_pipeline.py                           1           0  0.31s           2025-08-21T08:21:40
================================================================================
[2025-08-21T08:22:03.027+0000] {manager.py:755} INFO - Searching for files in /opt/airflow/dags
[2025-08-21T08:22:03.053+0000] {manager.py:758} INFO - There are 1 files in /opt/airflow/dags
[2025-08-21T08:22:11.712+0000] {manager.py:887} INFO - 
================================================================================
DAG File Processing Stats

File Path                          PID    Runtime      # DAGs    # Errors  Last Runtime    Last Run
---------------------------------  -----  ---------  --------  ----------  --------------  -------------------
/opt/airflow/dags/etl_pipeline.py                           1           0  0.31s           2025-08-21T08:22:11
================================================================================
[2025-08-21T08:22:43.342+0000] {manager.py:887} INFO - 
================================================================================
DAG File Processing Stats

File Path                          PID    Runtime      # DAGs    # Errors  Last Runtime    Last Run
---------------------------------  -----  ---------  --------  ----------  --------------  -------------------
/opt/airflow/dags/etl_pipeline.py                           1           0  0.51s           2025-08-21T08:22:43
================================================================================
[2025-08-21T08:23:14.262+0000] {manager.py:887} INFO - 
================================================================================
DAG File Processing Stats

File Path                          PID    Runtime      # DAGs    # Errors  Last Runtime    Last Run
---------------------------------  -----  ---------  --------  ----------  --------------  -------------------
/opt/airflow/dags/etl_pipeline.py                           1           0  0.32s           2025-08-21T08:23:14
================================================================================
[2025-08-21T08:23:45.793+0000] {manager.py:887} INFO - 
================================================================================
DAG File Processing Stats

File Path                          PID    Runtime      # DAGs    # Errors  Last Runtime    Last Run
---------------------------------  -----  ---------  --------  ----------  --------------  -------------------
/opt/airflow/dags/etl_pipeline.py                           1           0  0.41s           2025-08-21T08:23:45
================================================================================
[2025-08-21T08:24:17.343+0000] {manager.py:887} INFO - 
================================================================================
DAG File Processing Stats

File Path                          PID    Runtime      # DAGs    # Errors  Last Runtime    Last Run
---------------------------------  -----  ---------  --------  ----------  --------------  -------------------
/opt/airflow/dags/etl_pipeline.py                           1           0  0.31s           2025-08-21T08:24:17
================================================================================
[2025-08-21T08:24:48.726+0000] {manager.py:887} INFO - 
================================================================================
DAG File Processing Stats

File Path                          PID    Runtime      # DAGs    # Errors  Last Runtime    Last Run
---------------------------------  -----  ---------  --------  ----------  --------------  -------------------
/opt/airflow/dags/etl_pipeline.py                           1           0  0.22s           2025-08-21T08:24:47
================================================================================
[2025-08-21T08:25:19.884+0000] {manager.py:887} INFO - 
================================================================================
DAG File Processing Stats

File Path                          PID    Runtime      # DAGs    # Errors  Last Runtime    Last Run
---------------------------------  -----  ---------  --------  ----------  --------------  -------------------
/opt/airflow/dags/etl_pipeline.py                           1           0  0.61s           2025-08-21T08:25:18
================================================================================
[2025-08-21T08:25:51.464+0000] {manager.py:887} INFO - 
================================================================================
DAG File Processing Stats

File Path                          PID    Runtime      # DAGs    # Errors  Last Runtime    Last Run
---------------------------------  -----  ---------  --------  ----------  --------------  -------------------
/opt/airflow/dags/etl_pipeline.py                           1           0  0.31s           2025-08-21T08:25:49
================================================================================
[2025-08-21T08:26:22.271+0000] {manager.py:887} INFO - 
================================================================================
DAG File Processing Stats

File Path                          PID    Runtime      # DAGs    # Errors  Last Runtime    Last Run
---------------------------------  -----  ---------  --------  ----------  --------------  -------------------
/opt/airflow/dags/etl_pipeline.py                           1           0  0.31s           2025-08-21T08:26:20
================================================================================
[2025-08-21T08:26:53.731+0000] {manager.py:887} INFO - 
================================================================================
DAG File Processing Stats

File Path                          PID    Runtime      # DAGs    # Errors  Last Runtime    Last Run
---------------------------------  -----  ---------  --------  ----------  --------------  -------------------
/opt/airflow/dags/etl_pipeline.py                           1           0  0.41s           2025-08-21T08:26:52
================================================================================
[2025-08-21T08:27:04.137+0000] {manager.py:755} INFO - Searching for files in /opt/airflow/dags
[2025-08-21T08:27:04.164+0000] {manager.py:758} INFO - There are 1 files in /opt/airflow/dags
