[2025-08-21T08:03:57.438+0000] {processor.py:157} INFO - Started process (PID=28) to work on /opt/airflow/dags/etl_pipeline.py
[2025-08-21T08:03:57.441+0000] {processor.py:829} INFO - Processing file /opt/airflow/dags/etl_pipeline.py for tasks to queue
[2025-08-21T08:03:57.442+0000] {logging_mixin.py:151} INFO - [2025-08-21T08:03:57.441+0000] {dagbag.py:536} INFO - Filling up the DagBag from /opt/airflow/dags/etl_pipeline.py
[2025-08-21T08:03:57.500+0000] {processor.py:839} INFO - DAG(s) dict_keys(['okr_etl_pipeline']) retrieved from /opt/airflow/dags/etl_pipeline.py
[2025-08-21T08:03:57.909+0000] {logging_mixin.py:151} INFO - [2025-08-21T08:03:57.908+0000] {manager.py:499} INFO - Created Permission View: %s
[2025-08-21T08:03:57.981+0000] {logging_mixin.py:151} INFO - [2025-08-21T08:03:57.981+0000] {manager.py:499} INFO - Created Permission View: %s
[2025-08-21T08:03:58.056+0000] {logging_mixin.py:151} INFO - [2025-08-21T08:03:58.056+0000] {manager.py:499} INFO - Created Permission View: %s
[2025-08-21T08:03:58.058+0000] {logging_mixin.py:151} INFO - [2025-08-21T08:03:58.058+0000] {dag.py:2941} INFO - Sync 1 DAGs
[2025-08-21T08:03:58.090+0000] {logging_mixin.py:151} INFO - [2025-08-21T08:03:58.089+0000] {dag.py:2963} INFO - Creating ORM DAG for okr_etl_pipeline
[2025-08-21T08:03:58.111+0000] {logging_mixin.py:151} INFO - [2025-08-21T08:03:58.110+0000] {dag.py:3722} INFO - Setting next_dagrun for okr_etl_pipeline to 2025-08-20T00:00:00+00:00, run_after=2025-08-21T00:00:00+00:00
[2025-08-21T08:03:58.234+0000] {processor.py:179} INFO - Processing /opt/airflow/dags/etl_pipeline.py took 0.803 seconds
[2025-08-21T08:04:29.022+0000] {processor.py:157} INFO - Started process (PID=29) to work on /opt/airflow/dags/etl_pipeline.py
[2025-08-21T08:04:29.024+0000] {processor.py:829} INFO - Processing file /opt/airflow/dags/etl_pipeline.py for tasks to queue
[2025-08-21T08:04:29.025+0000] {logging_mixin.py:151} INFO - [2025-08-21T08:04:29.025+0000] {dagbag.py:536} INFO - Filling up the DagBag from /opt/airflow/dags/etl_pipeline.py
[2025-08-21T08:04:29.069+0000] {processor.py:839} INFO - DAG(s) dict_keys(['okr_etl_pipeline']) retrieved from /opt/airflow/dags/etl_pipeline.py
[2025-08-21T08:04:29.119+0000] {logging_mixin.py:151} INFO - [2025-08-21T08:04:29.119+0000] {dag.py:2941} INFO - Sync 1 DAGs
[2025-08-21T08:04:29.150+0000] {logging_mixin.py:151} INFO - [2025-08-21T08:04:29.150+0000] {dag.py:3722} INFO - Setting next_dagrun for okr_etl_pipeline to 2025-08-20T00:00:00+00:00, run_after=2025-08-21T00:00:00+00:00
[2025-08-21T08:04:29.235+0000] {processor.py:179} INFO - Processing /opt/airflow/dags/etl_pipeline.py took 0.216 seconds
[2025-08-21T08:05:00.428+0000] {processor.py:157} INFO - Started process (PID=30) to work on /opt/airflow/dags/etl_pipeline.py
[2025-08-21T08:05:00.432+0000] {processor.py:829} INFO - Processing file /opt/airflow/dags/etl_pipeline.py for tasks to queue
[2025-08-21T08:05:00.435+0000] {logging_mixin.py:151} INFO - [2025-08-21T08:05:00.434+0000] {dagbag.py:536} INFO - Filling up the DagBag from /opt/airflow/dags/etl_pipeline.py
[2025-08-21T08:05:00.475+0000] {processor.py:839} INFO - DAG(s) dict_keys(['okr_etl_pipeline']) retrieved from /opt/airflow/dags/etl_pipeline.py
[2025-08-21T08:05:00.516+0000] {logging_mixin.py:151} INFO - [2025-08-21T08:05:00.516+0000] {dag.py:2941} INFO - Sync 1 DAGs
[2025-08-21T08:05:00.549+0000] {logging_mixin.py:151} INFO - [2025-08-21T08:05:00.549+0000] {dag.py:3722} INFO - Setting next_dagrun for okr_etl_pipeline to 2025-08-20T00:00:00+00:00, run_after=2025-08-21T00:00:00+00:00
[2025-08-21T08:05:00.646+0000] {processor.py:179} INFO - Processing /opt/airflow/dags/etl_pipeline.py took 0.222 seconds
[2025-08-21T08:05:30.916+0000] {processor.py:157} INFO - Started process (PID=31) to work on /opt/airflow/dags/etl_pipeline.py
[2025-08-21T08:05:30.920+0000] {processor.py:829} INFO - Processing file /opt/airflow/dags/etl_pipeline.py for tasks to queue
[2025-08-21T08:05:30.925+0000] {logging_mixin.py:151} INFO - [2025-08-21T08:05:30.922+0000] {dagbag.py:536} INFO - Filling up the DagBag from /opt/airflow/dags/etl_pipeline.py
[2025-08-21T08:05:31.004+0000] {processor.py:839} INFO - DAG(s) dict_keys(['okr_etl_pipeline']) retrieved from /opt/airflow/dags/etl_pipeline.py
[2025-08-21T08:05:31.068+0000] {logging_mixin.py:151} INFO - [2025-08-21T08:05:31.068+0000] {dag.py:2941} INFO - Sync 1 DAGs
[2025-08-21T08:05:31.121+0000] {logging_mixin.py:151} INFO - [2025-08-21T08:05:31.121+0000] {dag.py:3722} INFO - Setting next_dagrun for okr_etl_pipeline to 2025-08-20T00:00:00+00:00, run_after=2025-08-21T00:00:00+00:00
[2025-08-21T08:05:31.246+0000] {processor.py:179} INFO - Processing /opt/airflow/dags/etl_pipeline.py took 0.339 seconds
[2025-08-21T08:06:01.236+0000] {processor.py:157} INFO - Started process (PID=28) to work on /opt/airflow/dags/etl_pipeline.py
[2025-08-21T08:06:01.243+0000] {processor.py:829} INFO - Processing file /opt/airflow/dags/etl_pipeline.py for tasks to queue
[2025-08-21T08:06:01.245+0000] {logging_mixin.py:151} INFO - [2025-08-21T08:06:01.244+0000] {dagbag.py:536} INFO - Filling up the DagBag from /opt/airflow/dags/etl_pipeline.py
[2025-08-21T08:06:01.305+0000] {processor.py:839} INFO - DAG(s) dict_keys(['okr_etl_pipeline']) retrieved from /opt/airflow/dags/etl_pipeline.py
[2025-08-21T08:06:01.379+0000] {logging_mixin.py:151} INFO - [2025-08-21T08:06:01.379+0000] {dag.py:2941} INFO - Sync 1 DAGs
[2025-08-21T08:06:01.438+0000] {logging_mixin.py:151} INFO - [2025-08-21T08:06:01.437+0000] {dag.py:3722} INFO - Setting next_dagrun for okr_etl_pipeline to 2025-08-20T00:00:00+00:00, run_after=2025-08-21T00:00:00+00:00
[2025-08-21T08:06:01.504+0000] {processor.py:157} INFO - Started process (PID=32) to work on /opt/airflow/dags/etl_pipeline.py
[2025-08-21T08:06:01.508+0000] {processor.py:829} INFO - Processing file /opt/airflow/dags/etl_pipeline.py for tasks to queue
[2025-08-21T08:06:01.512+0000] {logging_mixin.py:151} INFO - [2025-08-21T08:06:01.511+0000] {dagbag.py:536} INFO - Filling up the DagBag from /opt/airflow/dags/etl_pipeline.py
[2025-08-21T08:06:01.577+0000] {processor.py:839} INFO - DAG(s) dict_keys(['okr_etl_pipeline']) retrieved from /opt/airflow/dags/etl_pipeline.py
[2025-08-21T08:06:01.598+0000] {processor.py:179} INFO - Processing /opt/airflow/dags/etl_pipeline.py took 0.368 seconds
[2025-08-21T08:06:01.654+0000] {logging_mixin.py:151} INFO - [2025-08-21T08:06:01.654+0000] {dag.py:2941} INFO - Sync 1 DAGs
[2025-08-21T08:06:01.689+0000] {logging_mixin.py:151} INFO - [2025-08-21T08:06:01.689+0000] {dag.py:3722} INFO - Setting next_dagrun for okr_etl_pipeline to 2025-08-20T00:00:00+00:00, run_after=2025-08-21T00:00:00+00:00
[2025-08-21T08:06:01.848+0000] {processor.py:179} INFO - Processing /opt/airflow/dags/etl_pipeline.py took 0.357 seconds
[2025-08-21T08:06:31.712+0000] {processor.py:157} INFO - Started process (PID=29) to work on /opt/airflow/dags/etl_pipeline.py
[2025-08-21T08:06:31.716+0000] {processor.py:829} INFO - Processing file /opt/airflow/dags/etl_pipeline.py for tasks to queue
[2025-08-21T08:06:31.726+0000] {logging_mixin.py:151} INFO - [2025-08-21T08:06:31.722+0000] {dagbag.py:536} INFO - Filling up the DagBag from /opt/airflow/dags/etl_pipeline.py
[2025-08-21T08:06:31.789+0000] {processor.py:839} INFO - DAG(s) dict_keys(['okr_etl_pipeline']) retrieved from /opt/airflow/dags/etl_pipeline.py
[2025-08-21T08:06:31.843+0000] {logging_mixin.py:151} INFO - [2025-08-21T08:06:31.843+0000] {dag.py:2941} INFO - Sync 1 DAGs
[2025-08-21T08:06:31.874+0000] {logging_mixin.py:151} INFO - [2025-08-21T08:06:31.874+0000] {dag.py:3722} INFO - Setting next_dagrun for okr_etl_pipeline to 2025-08-20T00:00:00+00:00, run_after=2025-08-21T00:00:00+00:00
[2025-08-21T08:06:31.983+0000] {processor.py:179} INFO - Processing /opt/airflow/dags/etl_pipeline.py took 0.280 seconds
[2025-08-21T08:06:32.262+0000] {processor.py:157} INFO - Started process (PID=33) to work on /opt/airflow/dags/etl_pipeline.py
[2025-08-21T08:06:32.264+0000] {processor.py:829} INFO - Processing file /opt/airflow/dags/etl_pipeline.py for tasks to queue
[2025-08-21T08:06:32.265+0000] {logging_mixin.py:151} INFO - [2025-08-21T08:06:32.265+0000] {dagbag.py:536} INFO - Filling up the DagBag from /opt/airflow/dags/etl_pipeline.py
[2025-08-21T08:06:32.295+0000] {processor.py:839} INFO - DAG(s) dict_keys(['okr_etl_pipeline']) retrieved from /opt/airflow/dags/etl_pipeline.py
[2025-08-21T08:06:32.342+0000] {logging_mixin.py:151} INFO - [2025-08-21T08:06:32.342+0000] {dag.py:2941} INFO - Sync 1 DAGs
[2025-08-21T08:06:32.386+0000] {logging_mixin.py:151} INFO - [2025-08-21T08:06:32.386+0000] {dag.py:3722} INFO - Setting next_dagrun for okr_etl_pipeline to 2025-08-20T00:00:00+00:00, run_after=2025-08-21T00:00:00+00:00
[2025-08-21T08:06:32.513+0000] {processor.py:179} INFO - Processing /opt/airflow/dags/etl_pipeline.py took 0.254 seconds
[2025-08-21T08:07:03.207+0000] {processor.py:157} INFO - Started process (PID=30) to work on /opt/airflow/dags/etl_pipeline.py
[2025-08-21T08:07:03.209+0000] {processor.py:829} INFO - Processing file /opt/airflow/dags/etl_pipeline.py for tasks to queue
[2025-08-21T08:07:03.211+0000] {logging_mixin.py:151} INFO - [2025-08-21T08:07:03.210+0000] {dagbag.py:536} INFO - Filling up the DagBag from /opt/airflow/dags/etl_pipeline.py
[2025-08-21T08:07:03.244+0000] {processor.py:839} INFO - DAG(s) dict_keys(['okr_etl_pipeline']) retrieved from /opt/airflow/dags/etl_pipeline.py
[2025-08-21T08:07:03.282+0000] {logging_mixin.py:151} INFO - [2025-08-21T08:07:03.281+0000] {dag.py:2941} INFO - Sync 1 DAGs
[2025-08-21T08:07:03.319+0000] {logging_mixin.py:151} INFO - [2025-08-21T08:07:03.318+0000] {dag.py:3722} INFO - Setting next_dagrun for okr_etl_pipeline to 2025-08-20T00:00:00+00:00, run_after=2025-08-21T00:00:00+00:00
[2025-08-21T08:07:03.428+0000] {processor.py:157} INFO - Started process (PID=34) to work on /opt/airflow/dags/etl_pipeline.py
[2025-08-21T08:07:03.430+0000] {processor.py:829} INFO - Processing file /opt/airflow/dags/etl_pipeline.py for tasks to queue
[2025-08-21T08:07:03.432+0000] {processor.py:179} INFO - Processing /opt/airflow/dags/etl_pipeline.py took 0.229 seconds
[2025-08-21T08:07:03.433+0000] {logging_mixin.py:151} INFO - [2025-08-21T08:07:03.432+0000] {dagbag.py:536} INFO - Filling up the DagBag from /opt/airflow/dags/etl_pipeline.py
[2025-08-21T08:07:03.473+0000] {processor.py:839} INFO - DAG(s) dict_keys(['okr_etl_pipeline']) retrieved from /opt/airflow/dags/etl_pipeline.py
[2025-08-21T08:07:03.511+0000] {logging_mixin.py:151} INFO - [2025-08-21T08:07:03.511+0000] {dag.py:2941} INFO - Sync 1 DAGs
[2025-08-21T08:07:03.548+0000] {logging_mixin.py:151} INFO - [2025-08-21T08:07:03.548+0000] {dag.py:3722} INFO - Setting next_dagrun for okr_etl_pipeline to 2025-08-20T00:00:00+00:00, run_after=2025-08-21T00:00:00+00:00
[2025-08-21T08:07:03.673+0000] {processor.py:179} INFO - Processing /opt/airflow/dags/etl_pipeline.py took 0.252 seconds
[2025-08-21T08:07:34.172+0000] {processor.py:157} INFO - Started process (PID=31) to work on /opt/airflow/dags/etl_pipeline.py
[2025-08-21T08:07:34.173+0000] {processor.py:829} INFO - Processing file /opt/airflow/dags/etl_pipeline.py for tasks to queue
[2025-08-21T08:07:34.175+0000] {logging_mixin.py:151} INFO - [2025-08-21T08:07:34.174+0000] {dagbag.py:536} INFO - Filling up the DagBag from /opt/airflow/dags/etl_pipeline.py
[2025-08-21T08:07:34.222+0000] {processor.py:839} INFO - DAG(s) dict_keys(['okr_etl_pipeline']) retrieved from /opt/airflow/dags/etl_pipeline.py
[2025-08-21T08:07:34.267+0000] {logging_mixin.py:151} INFO - [2025-08-21T08:07:34.266+0000] {dag.py:2941} INFO - Sync 1 DAGs
[2025-08-21T08:07:34.306+0000] {logging_mixin.py:151} INFO - [2025-08-21T08:07:34.306+0000] {dag.py:3722} INFO - Setting next_dagrun for okr_etl_pipeline to 2025-08-20T00:00:00+00:00, run_after=2025-08-21T00:00:00+00:00
[2025-08-21T08:07:34.462+0000] {processor.py:179} INFO - Processing /opt/airflow/dags/etl_pipeline.py took 0.294 seconds
[2025-08-21T08:07:34.703+0000] {processor.py:157} INFO - Started process (PID=35) to work on /opt/airflow/dags/etl_pipeline.py
[2025-08-21T08:07:34.705+0000] {processor.py:829} INFO - Processing file /opt/airflow/dags/etl_pipeline.py for tasks to queue
[2025-08-21T08:07:34.706+0000] {logging_mixin.py:151} INFO - [2025-08-21T08:07:34.706+0000] {dagbag.py:536} INFO - Filling up the DagBag from /opt/airflow/dags/etl_pipeline.py
[2025-08-21T08:07:34.759+0000] {processor.py:839} INFO - DAG(s) dict_keys(['okr_etl_pipeline']) retrieved from /opt/airflow/dags/etl_pipeline.py
[2025-08-21T08:07:34.806+0000] {logging_mixin.py:151} INFO - [2025-08-21T08:07:34.806+0000] {dag.py:2941} INFO - Sync 1 DAGs
[2025-08-21T08:07:34.836+0000] {logging_mixin.py:151} INFO - [2025-08-21T08:07:34.836+0000] {dag.py:3722} INFO - Setting next_dagrun for okr_etl_pipeline to 2025-08-20T00:00:00+00:00, run_after=2025-08-21T00:00:00+00:00
[2025-08-21T08:07:34.939+0000] {processor.py:179} INFO - Processing /opt/airflow/dags/etl_pipeline.py took 0.241 seconds
[2025-08-21T08:08:05.528+0000] {processor.py:157} INFO - Started process (PID=32) to work on /opt/airflow/dags/etl_pipeline.py
[2025-08-21T08:08:05.531+0000] {processor.py:829} INFO - Processing file /opt/airflow/dags/etl_pipeline.py for tasks to queue
[2025-08-21T08:08:05.534+0000] {logging_mixin.py:151} INFO - [2025-08-21T08:08:05.533+0000] {dagbag.py:536} INFO - Filling up the DagBag from /opt/airflow/dags/etl_pipeline.py
[2025-08-21T08:08:05.586+0000] {processor.py:839} INFO - DAG(s) dict_keys(['okr_etl_pipeline']) retrieved from /opt/airflow/dags/etl_pipeline.py
[2025-08-21T08:08:05.633+0000] {logging_mixin.py:151} INFO - [2025-08-21T08:08:05.633+0000] {dag.py:2941} INFO - Sync 1 DAGs
[2025-08-21T08:08:05.682+0000] {logging_mixin.py:151} INFO - [2025-08-21T08:08:05.681+0000] {dag.py:3722} INFO - Setting next_dagrun for okr_etl_pipeline to 2025-08-20T00:00:00+00:00, run_after=2025-08-21T00:00:00+00:00
[2025-08-21T08:08:05.801+0000] {processor.py:179} INFO - Processing /opt/airflow/dags/etl_pipeline.py took 0.279 seconds
[2025-08-21T08:08:06.240+0000] {processor.py:157} INFO - Started process (PID=36) to work on /opt/airflow/dags/etl_pipeline.py
[2025-08-21T08:08:06.242+0000] {processor.py:829} INFO - Processing file /opt/airflow/dags/etl_pipeline.py for tasks to queue
[2025-08-21T08:08:06.243+0000] {logging_mixin.py:151} INFO - [2025-08-21T08:08:06.243+0000] {dagbag.py:536} INFO - Filling up the DagBag from /opt/airflow/dags/etl_pipeline.py
[2025-08-21T08:08:06.280+0000] {processor.py:839} INFO - DAG(s) dict_keys(['okr_etl_pipeline']) retrieved from /opt/airflow/dags/etl_pipeline.py
[2025-08-21T08:08:06.324+0000] {logging_mixin.py:151} INFO - [2025-08-21T08:08:06.324+0000] {dag.py:2941} INFO - Sync 1 DAGs
[2025-08-21T08:08:06.362+0000] {logging_mixin.py:151} INFO - [2025-08-21T08:08:06.362+0000] {dag.py:3722} INFO - Setting next_dagrun for okr_etl_pipeline to 2025-08-20T00:00:00+00:00, run_after=2025-08-21T00:00:00+00:00
[2025-08-21T08:08:06.459+0000] {processor.py:179} INFO - Processing /opt/airflow/dags/etl_pipeline.py took 0.224 seconds
[2025-08-21T08:08:36.188+0000] {processor.py:157} INFO - Started process (PID=33) to work on /opt/airflow/dags/etl_pipeline.py
[2025-08-21T08:08:36.192+0000] {processor.py:829} INFO - Processing file /opt/airflow/dags/etl_pipeline.py for tasks to queue
[2025-08-21T08:08:36.196+0000] {logging_mixin.py:151} INFO - [2025-08-21T08:08:36.194+0000] {dagbag.py:536} INFO - Filling up the DagBag from /opt/airflow/dags/etl_pipeline.py
[2025-08-21T08:08:36.519+0000] {processor.py:839} INFO - DAG(s) dict_keys(['okr_etl_pipeline']) retrieved from /opt/airflow/dags/etl_pipeline.py
[2025-08-21T08:08:36.750+0000] {logging_mixin.py:151} INFO - [2025-08-21T08:08:36.750+0000] {dag.py:2941} INFO - Sync 1 DAGs
[2025-08-21T08:08:36.893+0000] {logging_mixin.py:151} INFO - [2025-08-21T08:08:36.893+0000] {dag.py:3722} INFO - Setting next_dagrun for okr_etl_pipeline to 2025-08-20T00:00:00+00:00, run_after=2025-08-21T00:00:00+00:00
[2025-08-21T08:08:37.089+0000] {processor.py:179} INFO - Processing /opt/airflow/dags/etl_pipeline.py took 0.915 seconds
[2025-08-21T08:08:37.493+0000] {processor.py:157} INFO - Started process (PID=37) to work on /opt/airflow/dags/etl_pipeline.py
[2025-08-21T08:08:37.505+0000] {processor.py:829} INFO - Processing file /opt/airflow/dags/etl_pipeline.py for tasks to queue
[2025-08-21T08:08:37.516+0000] {logging_mixin.py:151} INFO - [2025-08-21T08:08:37.507+0000] {dagbag.py:536} INFO - Filling up the DagBag from /opt/airflow/dags/etl_pipeline.py
[2025-08-21T08:08:37.608+0000] {processor.py:839} INFO - DAG(s) dict_keys(['okr_etl_pipeline']) retrieved from /opt/airflow/dags/etl_pipeline.py
[2025-08-21T08:08:37.808+0000] {logging_mixin.py:151} INFO - [2025-08-21T08:08:37.808+0000] {dag.py:2941} INFO - Sync 1 DAGs
[2025-08-21T08:08:37.907+0000] {logging_mixin.py:151} INFO - [2025-08-21T08:08:37.907+0000] {dag.py:3722} INFO - Setting next_dagrun for okr_etl_pipeline to 2025-08-20T00:00:00+00:00, run_after=2025-08-21T00:00:00+00:00
[2025-08-21T08:08:38.108+0000] {processor.py:179} INFO - Processing /opt/airflow/dags/etl_pipeline.py took 0.631 seconds
[2025-08-21T08:09:07.772+0000] {processor.py:157} INFO - Started process (PID=34) to work on /opt/airflow/dags/etl_pipeline.py
[2025-08-21T08:09:07.774+0000] {processor.py:829} INFO - Processing file /opt/airflow/dags/etl_pipeline.py for tasks to queue
[2025-08-21T08:09:07.776+0000] {logging_mixin.py:151} INFO - [2025-08-21T08:09:07.775+0000] {dagbag.py:536} INFO - Filling up the DagBag from /opt/airflow/dags/etl_pipeline.py
[2025-08-21T08:09:07.834+0000] {processor.py:839} INFO - DAG(s) dict_keys(['okr_etl_pipeline']) retrieved from /opt/airflow/dags/etl_pipeline.py
[2025-08-21T08:09:07.880+0000] {logging_mixin.py:151} INFO - [2025-08-21T08:09:07.880+0000] {dag.py:2941} INFO - Sync 1 DAGs
[2025-08-21T08:09:07.928+0000] {logging_mixin.py:151} INFO - [2025-08-21T08:09:07.928+0000] {dag.py:3722} INFO - Setting next_dagrun for okr_etl_pipeline to 2025-08-20T00:00:00+00:00, run_after=2025-08-21T00:00:00+00:00
[2025-08-21T08:09:08.058+0000] {processor.py:179} INFO - Processing /opt/airflow/dags/etl_pipeline.py took 0.289 seconds
[2025-08-21T08:09:08.617+0000] {processor.py:157} INFO - Started process (PID=38) to work on /opt/airflow/dags/etl_pipeline.py
[2025-08-21T08:09:08.619+0000] {processor.py:829} INFO - Processing file /opt/airflow/dags/etl_pipeline.py for tasks to queue
[2025-08-21T08:09:08.621+0000] {logging_mixin.py:151} INFO - [2025-08-21T08:09:08.620+0000] {dagbag.py:536} INFO - Filling up the DagBag from /opt/airflow/dags/etl_pipeline.py
[2025-08-21T08:09:08.653+0000] {processor.py:839} INFO - DAG(s) dict_keys(['okr_etl_pipeline']) retrieved from /opt/airflow/dags/etl_pipeline.py
[2025-08-21T08:09:08.700+0000] {logging_mixin.py:151} INFO - [2025-08-21T08:09:08.700+0000] {dag.py:2941} INFO - Sync 1 DAGs
[2025-08-21T08:09:08.779+0000] {logging_mixin.py:151} INFO - [2025-08-21T08:09:08.779+0000] {dag.py:3722} INFO - Setting next_dagrun for okr_etl_pipeline to 2025-08-20T00:00:00+00:00, run_after=2025-08-21T00:00:00+00:00
[2025-08-21T08:09:08.918+0000] {processor.py:179} INFO - Processing /opt/airflow/dags/etl_pipeline.py took 0.307 seconds
[2025-08-21T08:09:38.201+0000] {processor.py:157} INFO - Started process (PID=35) to work on /opt/airflow/dags/etl_pipeline.py
[2025-08-21T08:09:38.204+0000] {processor.py:829} INFO - Processing file /opt/airflow/dags/etl_pipeline.py for tasks to queue
[2025-08-21T08:09:38.205+0000] {logging_mixin.py:151} INFO - [2025-08-21T08:09:38.205+0000] {dagbag.py:536} INFO - Filling up the DagBag from /opt/airflow/dags/etl_pipeline.py
[2025-08-21T08:09:38.250+0000] {processor.py:839} INFO - DAG(s) dict_keys(['okr_etl_pipeline']) retrieved from /opt/airflow/dags/etl_pipeline.py
[2025-08-21T08:09:38.319+0000] {logging_mixin.py:151} INFO - [2025-08-21T08:09:38.319+0000] {dag.py:2941} INFO - Sync 1 DAGs
[2025-08-21T08:09:38.362+0000] {logging_mixin.py:151} INFO - [2025-08-21T08:09:38.362+0000] {dag.py:3722} INFO - Setting next_dagrun for okr_etl_pipeline to 2025-08-20T00:00:00+00:00, run_after=2025-08-21T00:00:00+00:00
[2025-08-21T08:09:38.479+0000] {processor.py:179} INFO - Processing /opt/airflow/dags/etl_pipeline.py took 0.281 seconds
[2025-08-21T08:09:40.078+0000] {processor.py:157} INFO - Started process (PID=39) to work on /opt/airflow/dags/etl_pipeline.py
[2025-08-21T08:09:40.080+0000] {processor.py:829} INFO - Processing file /opt/airflow/dags/etl_pipeline.py for tasks to queue
[2025-08-21T08:09:40.082+0000] {logging_mixin.py:151} INFO - [2025-08-21T08:09:40.082+0000] {dagbag.py:536} INFO - Filling up the DagBag from /opt/airflow/dags/etl_pipeline.py
[2025-08-21T08:09:40.135+0000] {processor.py:839} INFO - DAG(s) dict_keys(['okr_etl_pipeline']) retrieved from /opt/airflow/dags/etl_pipeline.py
[2025-08-21T08:09:40.193+0000] {logging_mixin.py:151} INFO - [2025-08-21T08:09:40.193+0000] {dag.py:2941} INFO - Sync 1 DAGs
[2025-08-21T08:09:40.231+0000] {logging_mixin.py:151} INFO - [2025-08-21T08:09:40.231+0000] {dag.py:3722} INFO - Setting next_dagrun for okr_etl_pipeline to 2025-08-20T00:00:00+00:00, run_after=2025-08-21T00:00:00+00:00
[2025-08-21T08:09:40.387+0000] {processor.py:179} INFO - Processing /opt/airflow/dags/etl_pipeline.py took 0.317 seconds
[2025-08-21T08:10:09.399+0000] {processor.py:157} INFO - Started process (PID=36) to work on /opt/airflow/dags/etl_pipeline.py
[2025-08-21T08:10:09.403+0000] {processor.py:829} INFO - Processing file /opt/airflow/dags/etl_pipeline.py for tasks to queue
[2025-08-21T08:10:09.406+0000] {logging_mixin.py:151} INFO - [2025-08-21T08:10:09.404+0000] {dagbag.py:536} INFO - Filling up the DagBag from /opt/airflow/dags/etl_pipeline.py
[2025-08-21T08:10:09.457+0000] {processor.py:839} INFO - DAG(s) dict_keys(['okr_etl_pipeline']) retrieved from /opt/airflow/dags/etl_pipeline.py
[2025-08-21T08:10:09.507+0000] {logging_mixin.py:151} INFO - [2025-08-21T08:10:09.507+0000] {dag.py:2941} INFO - Sync 1 DAGs
[2025-08-21T08:10:09.545+0000] {logging_mixin.py:151} INFO - [2025-08-21T08:10:09.545+0000] {dag.py:3722} INFO - Setting next_dagrun for okr_etl_pipeline to 2025-08-20T00:00:00+00:00, run_after=2025-08-21T00:00:00+00:00
[2025-08-21T08:10:09.667+0000] {processor.py:179} INFO - Processing /opt/airflow/dags/etl_pipeline.py took 0.282 seconds
[2025-08-21T08:10:11.231+0000] {processor.py:157} INFO - Started process (PID=40) to work on /opt/airflow/dags/etl_pipeline.py
[2025-08-21T08:10:11.234+0000] {processor.py:829} INFO - Processing file /opt/airflow/dags/etl_pipeline.py for tasks to queue
[2025-08-21T08:10:11.238+0000] {logging_mixin.py:151} INFO - [2025-08-21T08:10:11.237+0000] {dagbag.py:536} INFO - Filling up the DagBag from /opt/airflow/dags/etl_pipeline.py
[2025-08-21T08:10:11.285+0000] {processor.py:839} INFO - DAG(s) dict_keys(['okr_etl_pipeline']) retrieved from /opt/airflow/dags/etl_pipeline.py
[2025-08-21T08:10:11.336+0000] {logging_mixin.py:151} INFO - [2025-08-21T08:10:11.336+0000] {dag.py:2941} INFO - Sync 1 DAGs
[2025-08-21T08:10:11.376+0000] {logging_mixin.py:151} INFO - [2025-08-21T08:10:11.376+0000] {dag.py:3722} INFO - Setting next_dagrun for okr_etl_pipeline to 2025-08-20T00:00:00+00:00, run_after=2025-08-21T00:00:00+00:00
[2025-08-21T08:10:11.523+0000] {processor.py:179} INFO - Processing /opt/airflow/dags/etl_pipeline.py took 0.296 seconds
[2025-08-21T08:10:40.382+0000] {processor.py:157} INFO - Started process (PID=37) to work on /opt/airflow/dags/etl_pipeline.py
[2025-08-21T08:10:40.385+0000] {processor.py:829} INFO - Processing file /opt/airflow/dags/etl_pipeline.py for tasks to queue
[2025-08-21T08:10:40.386+0000] {logging_mixin.py:151} INFO - [2025-08-21T08:10:40.386+0000] {dagbag.py:536} INFO - Filling up the DagBag from /opt/airflow/dags/etl_pipeline.py
[2025-08-21T08:10:40.433+0000] {processor.py:839} INFO - DAG(s) dict_keys(['okr_etl_pipeline']) retrieved from /opt/airflow/dags/etl_pipeline.py
[2025-08-21T08:10:40.487+0000] {logging_mixin.py:151} INFO - [2025-08-21T08:10:40.487+0000] {dag.py:2941} INFO - Sync 1 DAGs
[2025-08-21T08:10:40.519+0000] {logging_mixin.py:151} INFO - [2025-08-21T08:10:40.519+0000] {dag.py:3722} INFO - Setting next_dagrun for okr_etl_pipeline to 2025-08-20T00:00:00+00:00, run_after=2025-08-21T00:00:00+00:00
[2025-08-21T08:10:40.627+0000] {processor.py:179} INFO - Processing /opt/airflow/dags/etl_pipeline.py took 0.256 seconds
[2025-08-21T08:10:42.497+0000] {processor.py:157} INFO - Started process (PID=41) to work on /opt/airflow/dags/etl_pipeline.py
[2025-08-21T08:10:42.499+0000] {processor.py:829} INFO - Processing file /opt/airflow/dags/etl_pipeline.py for tasks to queue
[2025-08-21T08:10:42.501+0000] {logging_mixin.py:151} INFO - [2025-08-21T08:10:42.500+0000] {dagbag.py:536} INFO - Filling up the DagBag from /opt/airflow/dags/etl_pipeline.py
[2025-08-21T08:10:42.566+0000] {processor.py:839} INFO - DAG(s) dict_keys(['okr_etl_pipeline']) retrieved from /opt/airflow/dags/etl_pipeline.py
[2025-08-21T08:10:42.660+0000] {logging_mixin.py:151} INFO - [2025-08-21T08:10:42.660+0000] {dag.py:2941} INFO - Sync 1 DAGs
[2025-08-21T08:10:42.730+0000] {logging_mixin.py:151} INFO - [2025-08-21T08:10:42.730+0000] {dag.py:3722} INFO - Setting next_dagrun for okr_etl_pipeline to 2025-08-20T00:00:00+00:00, run_after=2025-08-21T00:00:00+00:00
[2025-08-21T08:10:42.870+0000] {processor.py:179} INFO - Processing /opt/airflow/dags/etl_pipeline.py took 0.383 seconds
[2025-08-21T08:11:10.861+0000] {processor.py:157} INFO - Started process (PID=38) to work on /opt/airflow/dags/etl_pipeline.py
[2025-08-21T08:11:10.863+0000] {processor.py:829} INFO - Processing file /opt/airflow/dags/etl_pipeline.py for tasks to queue
[2025-08-21T08:11:10.864+0000] {logging_mixin.py:151} INFO - [2025-08-21T08:11:10.864+0000] {dagbag.py:536} INFO - Filling up the DagBag from /opt/airflow/dags/etl_pipeline.py
[2025-08-21T08:11:10.909+0000] {processor.py:839} INFO - DAG(s) dict_keys(['okr_etl_pipeline']) retrieved from /opt/airflow/dags/etl_pipeline.py
[2025-08-21T08:11:10.941+0000] {logging_mixin.py:151} INFO - [2025-08-21T08:11:10.940+0000] {dag.py:2941} INFO - Sync 1 DAGs
[2025-08-21T08:11:10.980+0000] {logging_mixin.py:151} INFO - [2025-08-21T08:11:10.980+0000] {dag.py:3722} INFO - Setting next_dagrun for okr_etl_pipeline to 2025-08-20T00:00:00+00:00, run_after=2025-08-21T00:00:00+00:00
[2025-08-21T08:11:11.064+0000] {processor.py:179} INFO - Processing /opt/airflow/dags/etl_pipeline.py took 0.206 seconds
[2025-08-21T08:11:13.690+0000] {processor.py:157} INFO - Started process (PID=42) to work on /opt/airflow/dags/etl_pipeline.py
[2025-08-21T08:11:13.693+0000] {processor.py:829} INFO - Processing file /opt/airflow/dags/etl_pipeline.py for tasks to queue
[2025-08-21T08:11:13.694+0000] {logging_mixin.py:151} INFO - [2025-08-21T08:11:13.694+0000] {dagbag.py:536} INFO - Filling up the DagBag from /opt/airflow/dags/etl_pipeline.py
[2025-08-21T08:11:13.730+0000] {processor.py:839} INFO - DAG(s) dict_keys(['okr_etl_pipeline']) retrieved from /opt/airflow/dags/etl_pipeline.py
[2025-08-21T08:11:13.790+0000] {logging_mixin.py:151} INFO - [2025-08-21T08:11:13.790+0000] {dag.py:2941} INFO - Sync 1 DAGs
[2025-08-21T08:11:13.833+0000] {logging_mixin.py:151} INFO - [2025-08-21T08:11:13.833+0000] {dag.py:3722} INFO - Setting next_dagrun for okr_etl_pipeline to 2025-08-20T00:00:00+00:00, run_after=2025-08-21T00:00:00+00:00
[2025-08-21T08:11:13.940+0000] {processor.py:179} INFO - Processing /opt/airflow/dags/etl_pipeline.py took 0.256 seconds
[2025-08-21T08:11:42.049+0000] {processor.py:157} INFO - Started process (PID=39) to work on /opt/airflow/dags/etl_pipeline.py
[2025-08-21T08:11:42.051+0000] {processor.py:829} INFO - Processing file /opt/airflow/dags/etl_pipeline.py for tasks to queue
[2025-08-21T08:11:42.054+0000] {logging_mixin.py:151} INFO - [2025-08-21T08:11:42.054+0000] {dagbag.py:536} INFO - Filling up the DagBag from /opt/airflow/dags/etl_pipeline.py
[2025-08-21T08:11:42.092+0000] {processor.py:839} INFO - DAG(s) dict_keys(['okr_etl_pipeline']) retrieved from /opt/airflow/dags/etl_pipeline.py
[2025-08-21T08:11:42.173+0000] {logging_mixin.py:151} INFO - [2025-08-21T08:11:42.172+0000] {dag.py:2941} INFO - Sync 1 DAGs
[2025-08-21T08:11:42.220+0000] {logging_mixin.py:151} INFO - [2025-08-21T08:11:42.220+0000] {dag.py:3722} INFO - Setting next_dagrun for okr_etl_pipeline to 2025-08-20T00:00:00+00:00, run_after=2025-08-21T00:00:00+00:00
[2025-08-21T08:11:42.328+0000] {processor.py:179} INFO - Processing /opt/airflow/dags/etl_pipeline.py took 0.283 seconds
[2025-08-21T08:11:45.076+0000] {processor.py:157} INFO - Started process (PID=43) to work on /opt/airflow/dags/etl_pipeline.py
[2025-08-21T08:11:45.078+0000] {processor.py:829} INFO - Processing file /opt/airflow/dags/etl_pipeline.py for tasks to queue
[2025-08-21T08:11:45.080+0000] {logging_mixin.py:151} INFO - [2025-08-21T08:11:45.079+0000] {dagbag.py:536} INFO - Filling up the DagBag from /opt/airflow/dags/etl_pipeline.py
[2025-08-21T08:11:45.113+0000] {processor.py:839} INFO - DAG(s) dict_keys(['okr_etl_pipeline']) retrieved from /opt/airflow/dags/etl_pipeline.py
[2025-08-21T08:11:45.150+0000] {logging_mixin.py:151} INFO - [2025-08-21T08:11:45.150+0000] {dag.py:2941} INFO - Sync 1 DAGs
[2025-08-21T08:11:45.187+0000] {logging_mixin.py:151} INFO - [2025-08-21T08:11:45.187+0000] {dag.py:3722} INFO - Setting next_dagrun for okr_etl_pipeline to 2025-08-20T00:00:00+00:00, run_after=2025-08-21T00:00:00+00:00
[2025-08-21T08:11:45.280+0000] {processor.py:179} INFO - Processing /opt/airflow/dags/etl_pipeline.py took 0.208 seconds
[2025-08-21T08:11:55.025+0000] {processor.py:157} INFO - Started process (PID=28) to work on /opt/airflow/dags/etl_pipeline.py
[2025-08-21T08:11:55.029+0000] {processor.py:829} INFO - Processing file /opt/airflow/dags/etl_pipeline.py for tasks to queue
[2025-08-21T08:11:55.032+0000] {logging_mixin.py:151} INFO - [2025-08-21T08:11:55.031+0000] {dagbag.py:536} INFO - Filling up the DagBag from /opt/airflow/dags/etl_pipeline.py
[2025-08-21T08:11:55.290+0000] {processor.py:839} INFO - DAG(s) dict_keys(['okr_etl_pipeline']) retrieved from /opt/airflow/dags/etl_pipeline.py
[2025-08-21T08:11:55.493+0000] {logging_mixin.py:151} INFO - [2025-08-21T08:11:55.493+0000] {dag.py:2941} INFO - Sync 1 DAGs
[2025-08-21T08:11:55.563+0000] {logging_mixin.py:151} INFO - [2025-08-21T08:11:55.563+0000] {dag.py:3722} INFO - Setting next_dagrun for okr_etl_pipeline to 2025-08-20T00:00:00+00:00, run_after=2025-08-21T00:00:00+00:00
[2025-08-21T08:11:55.692+0000] {processor.py:179} INFO - Processing /opt/airflow/dags/etl_pipeline.py took 0.685 seconds
[2025-08-21T08:12:13.163+0000] {processor.py:157} INFO - Started process (PID=40) to work on /opt/airflow/dags/etl_pipeline.py
[2025-08-21T08:12:13.164+0000] {processor.py:829} INFO - Processing file /opt/airflow/dags/etl_pipeline.py for tasks to queue
[2025-08-21T08:12:13.166+0000] {logging_mixin.py:151} INFO - [2025-08-21T08:12:13.165+0000] {dagbag.py:536} INFO - Filling up the DagBag from /opt/airflow/dags/etl_pipeline.py
[2025-08-21T08:12:13.207+0000] {processor.py:839} INFO - DAG(s) dict_keys(['okr_etl_pipeline']) retrieved from /opt/airflow/dags/etl_pipeline.py
[2025-08-21T08:12:13.259+0000] {logging_mixin.py:151} INFO - [2025-08-21T08:12:13.258+0000] {dag.py:2941} INFO - Sync 1 DAGs
[2025-08-21T08:12:13.340+0000] {logging_mixin.py:151} INFO - [2025-08-21T08:12:13.340+0000] {dag.py:3722} INFO - Setting next_dagrun for okr_etl_pipeline to 2025-08-20T00:00:00+00:00, run_after=2025-08-21T00:00:00+00:00
[2025-08-21T08:12:13.568+0000] {processor.py:179} INFO - Processing /opt/airflow/dags/etl_pipeline.py took 0.408 seconds
[2025-08-21T08:12:16.555+0000] {processor.py:157} INFO - Started process (PID=44) to work on /opt/airflow/dags/etl_pipeline.py
[2025-08-21T08:12:16.556+0000] {processor.py:829} INFO - Processing file /opt/airflow/dags/etl_pipeline.py for tasks to queue
[2025-08-21T08:12:16.558+0000] {logging_mixin.py:151} INFO - [2025-08-21T08:12:16.557+0000] {dagbag.py:536} INFO - Filling up the DagBag from /opt/airflow/dags/etl_pipeline.py
[2025-08-21T08:12:16.592+0000] {processor.py:839} INFO - DAG(s) dict_keys(['okr_etl_pipeline']) retrieved from /opt/airflow/dags/etl_pipeline.py
[2025-08-21T08:12:16.660+0000] {logging_mixin.py:151} INFO - [2025-08-21T08:12:16.660+0000] {dag.py:2941} INFO - Sync 1 DAGs
[2025-08-21T08:12:16.713+0000] {logging_mixin.py:151} INFO - [2025-08-21T08:12:16.712+0000] {dag.py:3722} INFO - Setting next_dagrun for okr_etl_pipeline to 2025-08-20T00:00:00+00:00, run_after=2025-08-21T00:00:00+00:00
[2025-08-21T08:12:16.872+0000] {processor.py:179} INFO - Processing /opt/airflow/dags/etl_pipeline.py took 0.347 seconds
[2025-08-21T08:12:25.859+0000] {processor.py:157} INFO - Started process (PID=29) to work on /opt/airflow/dags/etl_pipeline.py
[2025-08-21T08:12:25.861+0000] {processor.py:829} INFO - Processing file /opt/airflow/dags/etl_pipeline.py for tasks to queue
[2025-08-21T08:12:25.862+0000] {logging_mixin.py:151} INFO - [2025-08-21T08:12:25.861+0000] {dagbag.py:536} INFO - Filling up the DagBag from /opt/airflow/dags/etl_pipeline.py
[2025-08-21T08:12:25.894+0000] {processor.py:839} INFO - DAG(s) dict_keys(['okr_etl_pipeline']) retrieved from /opt/airflow/dags/etl_pipeline.py
[2025-08-21T08:12:25.937+0000] {logging_mixin.py:151} INFO - [2025-08-21T08:12:25.936+0000] {dag.py:2941} INFO - Sync 1 DAGs
[2025-08-21T08:12:25.981+0000] {logging_mixin.py:151} INFO - [2025-08-21T08:12:25.981+0000] {dag.py:3722} INFO - Setting next_dagrun for okr_etl_pipeline to 2025-08-20T00:00:00+00:00, run_after=2025-08-21T00:00:00+00:00
[2025-08-21T08:12:26.119+0000] {processor.py:179} INFO - Processing /opt/airflow/dags/etl_pipeline.py took 0.266 seconds
[2025-08-21T08:12:43.776+0000] {processor.py:157} INFO - Started process (PID=41) to work on /opt/airflow/dags/etl_pipeline.py
[2025-08-21T08:12:43.778+0000] {processor.py:829} INFO - Processing file /opt/airflow/dags/etl_pipeline.py for tasks to queue
[2025-08-21T08:12:43.780+0000] {logging_mixin.py:151} INFO - [2025-08-21T08:12:43.779+0000] {dagbag.py:536} INFO - Filling up the DagBag from /opt/airflow/dags/etl_pipeline.py
[2025-08-21T08:12:43.828+0000] {processor.py:839} INFO - DAG(s) dict_keys(['okr_etl_pipeline']) retrieved from /opt/airflow/dags/etl_pipeline.py
[2025-08-21T08:12:43.882+0000] {logging_mixin.py:151} INFO - [2025-08-21T08:12:43.882+0000] {dag.py:2941} INFO - Sync 1 DAGs
[2025-08-21T08:12:43.922+0000] {logging_mixin.py:151} INFO - [2025-08-21T08:12:43.922+0000] {dag.py:3722} INFO - Setting next_dagrun for okr_etl_pipeline to 2025-08-20T00:00:00+00:00, run_after=2025-08-21T00:00:00+00:00
[2025-08-21T08:12:44.062+0000] {processor.py:179} INFO - Processing /opt/airflow/dags/etl_pipeline.py took 0.291 seconds
[2025-08-21T08:12:47.781+0000] {processor.py:157} INFO - Started process (PID=45) to work on /opt/airflow/dags/etl_pipeline.py
[2025-08-21T08:12:47.783+0000] {processor.py:829} INFO - Processing file /opt/airflow/dags/etl_pipeline.py for tasks to queue
[2025-08-21T08:12:47.785+0000] {logging_mixin.py:151} INFO - [2025-08-21T08:12:47.784+0000] {dagbag.py:536} INFO - Filling up the DagBag from /opt/airflow/dags/etl_pipeline.py
[2025-08-21T08:12:47.847+0000] {processor.py:839} INFO - DAG(s) dict_keys(['okr_etl_pipeline']) retrieved from /opt/airflow/dags/etl_pipeline.py
[2025-08-21T08:12:47.902+0000] {logging_mixin.py:151} INFO - [2025-08-21T08:12:47.901+0000] {dag.py:2941} INFO - Sync 1 DAGs
[2025-08-21T08:12:47.959+0000] {logging_mixin.py:151} INFO - [2025-08-21T08:12:47.959+0000] {dag.py:3722} INFO - Setting next_dagrun for okr_etl_pipeline to 2025-08-20T00:00:00+00:00, run_after=2025-08-21T00:00:00+00:00
[2025-08-21T08:12:48.143+0000] {processor.py:179} INFO - Processing /opt/airflow/dags/etl_pipeline.py took 0.365 seconds
[2025-08-21T08:12:57.316+0000] {processor.py:157} INFO - Started process (PID=30) to work on /opt/airflow/dags/etl_pipeline.py
[2025-08-21T08:12:57.320+0000] {processor.py:829} INFO - Processing file /opt/airflow/dags/etl_pipeline.py for tasks to queue
[2025-08-21T08:12:57.322+0000] {logging_mixin.py:151} INFO - [2025-08-21T08:12:57.321+0000] {dagbag.py:536} INFO - Filling up the DagBag from /opt/airflow/dags/etl_pipeline.py
[2025-08-21T08:12:57.427+0000] {processor.py:839} INFO - DAG(s) dict_keys(['okr_etl_pipeline']) retrieved from /opt/airflow/dags/etl_pipeline.py
[2025-08-21T08:12:57.801+0000] {logging_mixin.py:151} INFO - [2025-08-21T08:12:57.801+0000] {dag.py:2941} INFO - Sync 1 DAGs
[2025-08-21T08:12:57.965+0000] {logging_mixin.py:151} INFO - [2025-08-21T08:12:57.965+0000] {dag.py:3722} INFO - Setting next_dagrun for okr_etl_pipeline to 2025-08-20T00:00:00+00:00, run_after=2025-08-21T00:00:00+00:00
[2025-08-21T08:12:58.275+0000] {processor.py:179} INFO - Processing /opt/airflow/dags/etl_pipeline.py took 1.063 seconds
[2025-08-21T08:13:15.101+0000] {processor.py:157} INFO - Started process (PID=42) to work on /opt/airflow/dags/etl_pipeline.py
[2025-08-21T08:13:15.103+0000] {processor.py:829} INFO - Processing file /opt/airflow/dags/etl_pipeline.py for tasks to queue
[2025-08-21T08:13:15.107+0000] {logging_mixin.py:151} INFO - [2025-08-21T08:13:15.105+0000] {dagbag.py:536} INFO - Filling up the DagBag from /opt/airflow/dags/etl_pipeline.py
[2025-08-21T08:13:15.155+0000] {processor.py:839} INFO - DAG(s) dict_keys(['okr_etl_pipeline']) retrieved from /opt/airflow/dags/etl_pipeline.py
[2025-08-21T08:13:15.201+0000] {logging_mixin.py:151} INFO - [2025-08-21T08:13:15.201+0000] {dag.py:2941} INFO - Sync 1 DAGs
[2025-08-21T08:13:15.259+0000] {logging_mixin.py:151} INFO - [2025-08-21T08:13:15.259+0000] {dag.py:3722} INFO - Setting next_dagrun for okr_etl_pipeline to 2025-08-20T00:00:00+00:00, run_after=2025-08-21T00:00:00+00:00
[2025-08-21T08:13:15.405+0000] {processor.py:179} INFO - Processing /opt/airflow/dags/etl_pipeline.py took 0.308 seconds
[2025-08-21T08:13:18.213+0000] {processor.py:157} INFO - Started process (PID=46) to work on /opt/airflow/dags/etl_pipeline.py
[2025-08-21T08:13:18.215+0000] {processor.py:829} INFO - Processing file /opt/airflow/dags/etl_pipeline.py for tasks to queue
[2025-08-21T08:13:18.216+0000] {logging_mixin.py:151} INFO - [2025-08-21T08:13:18.215+0000] {dagbag.py:536} INFO - Filling up the DagBag from /opt/airflow/dags/etl_pipeline.py
[2025-08-21T08:13:18.237+0000] {processor.py:839} INFO - DAG(s) dict_keys(['okr_etl_pipeline']) retrieved from /opt/airflow/dags/etl_pipeline.py
[2025-08-21T08:13:18.266+0000] {logging_mixin.py:151} INFO - [2025-08-21T08:13:18.266+0000] {dag.py:2941} INFO - Sync 1 DAGs
[2025-08-21T08:13:18.304+0000] {logging_mixin.py:151} INFO - [2025-08-21T08:13:18.304+0000] {dag.py:3722} INFO - Setting next_dagrun for okr_etl_pipeline to 2025-08-20T00:00:00+00:00, run_after=2025-08-21T00:00:00+00:00
[2025-08-21T08:13:18.406+0000] {processor.py:179} INFO - Processing /opt/airflow/dags/etl_pipeline.py took 0.196 seconds
[2025-08-21T08:13:28.793+0000] {processor.py:157} INFO - Started process (PID=31) to work on /opt/airflow/dags/etl_pipeline.py
[2025-08-21T08:13:28.794+0000] {processor.py:829} INFO - Processing file /opt/airflow/dags/etl_pipeline.py for tasks to queue
[2025-08-21T08:13:28.796+0000] {logging_mixin.py:151} INFO - [2025-08-21T08:13:28.795+0000] {dagbag.py:536} INFO - Filling up the DagBag from /opt/airflow/dags/etl_pipeline.py
[2025-08-21T08:13:28.822+0000] {processor.py:839} INFO - DAG(s) dict_keys(['okr_etl_pipeline']) retrieved from /opt/airflow/dags/etl_pipeline.py
[2025-08-21T08:13:28.860+0000] {logging_mixin.py:151} INFO - [2025-08-21T08:13:28.860+0000] {dag.py:2941} INFO - Sync 1 DAGs
[2025-08-21T08:13:28.902+0000] {logging_mixin.py:151} INFO - [2025-08-21T08:13:28.902+0000] {dag.py:3722} INFO - Setting next_dagrun for okr_etl_pipeline to 2025-08-20T00:00:00+00:00, run_after=2025-08-21T00:00:00+00:00
[2025-08-21T08:13:29.025+0000] {processor.py:179} INFO - Processing /opt/airflow/dags/etl_pipeline.py took 0.235 seconds
[2025-08-21T08:13:46.152+0000] {processor.py:157} INFO - Started process (PID=43) to work on /opt/airflow/dags/etl_pipeline.py
[2025-08-21T08:13:46.155+0000] {processor.py:829} INFO - Processing file /opt/airflow/dags/etl_pipeline.py for tasks to queue
[2025-08-21T08:13:46.156+0000] {logging_mixin.py:151} INFO - [2025-08-21T08:13:46.156+0000] {dagbag.py:536} INFO - Filling up the DagBag from /opt/airflow/dags/etl_pipeline.py
[2025-08-21T08:13:46.192+0000] {processor.py:839} INFO - DAG(s) dict_keys(['okr_etl_pipeline']) retrieved from /opt/airflow/dags/etl_pipeline.py
[2025-08-21T08:13:46.245+0000] {logging_mixin.py:151} INFO - [2025-08-21T08:13:46.245+0000] {dag.py:2941} INFO - Sync 1 DAGs
[2025-08-21T08:13:46.291+0000] {logging_mixin.py:151} INFO - [2025-08-21T08:13:46.291+0000] {dag.py:3722} INFO - Setting next_dagrun for okr_etl_pipeline to 2025-08-20T00:00:00+00:00, run_after=2025-08-21T00:00:00+00:00
[2025-08-21T08:13:46.407+0000] {processor.py:179} INFO - Processing /opt/airflow/dags/etl_pipeline.py took 0.259 seconds
[2025-08-21T08:13:49.457+0000] {processor.py:157} INFO - Started process (PID=47) to work on /opt/airflow/dags/etl_pipeline.py
[2025-08-21T08:13:49.459+0000] {processor.py:829} INFO - Processing file /opt/airflow/dags/etl_pipeline.py for tasks to queue
[2025-08-21T08:13:49.460+0000] {logging_mixin.py:151} INFO - [2025-08-21T08:13:49.460+0000] {dagbag.py:536} INFO - Filling up the DagBag from /opt/airflow/dags/etl_pipeline.py
[2025-08-21T08:13:49.484+0000] {processor.py:839} INFO - DAG(s) dict_keys(['okr_etl_pipeline']) retrieved from /opt/airflow/dags/etl_pipeline.py
[2025-08-21T08:13:49.526+0000] {logging_mixin.py:151} INFO - [2025-08-21T08:13:49.526+0000] {dag.py:2941} INFO - Sync 1 DAGs
[2025-08-21T08:13:49.568+0000] {logging_mixin.py:151} INFO - [2025-08-21T08:13:49.568+0000] {dag.py:3722} INFO - Setting next_dagrun for okr_etl_pipeline to 2025-08-20T00:00:00+00:00, run_after=2025-08-21T00:00:00+00:00
[2025-08-21T08:13:49.692+0000] {processor.py:179} INFO - Processing /opt/airflow/dags/etl_pipeline.py took 0.238 seconds
[2025-08-21T08:13:59.329+0000] {processor.py:157} INFO - Started process (PID=32) to work on /opt/airflow/dags/etl_pipeline.py
[2025-08-21T08:13:59.330+0000] {processor.py:829} INFO - Processing file /opt/airflow/dags/etl_pipeline.py for tasks to queue
[2025-08-21T08:13:59.332+0000] {logging_mixin.py:151} INFO - [2025-08-21T08:13:59.331+0000] {dagbag.py:536} INFO - Filling up the DagBag from /opt/airflow/dags/etl_pipeline.py
[2025-08-21T08:13:59.358+0000] {processor.py:839} INFO - DAG(s) dict_keys(['okr_etl_pipeline']) retrieved from /opt/airflow/dags/etl_pipeline.py
[2025-08-21T08:13:59.396+0000] {logging_mixin.py:151} INFO - [2025-08-21T08:13:59.395+0000] {dag.py:2941} INFO - Sync 1 DAGs
[2025-08-21T08:13:59.425+0000] {logging_mixin.py:151} INFO - [2025-08-21T08:13:59.425+0000] {dag.py:3722} INFO - Setting next_dagrun for okr_etl_pipeline to 2025-08-20T00:00:00+00:00, run_after=2025-08-21T00:00:00+00:00
[2025-08-21T08:13:59.526+0000] {processor.py:179} INFO - Processing /opt/airflow/dags/etl_pipeline.py took 0.201 seconds
[2025-08-21T08:14:16.834+0000] {processor.py:157} INFO - Started process (PID=44) to work on /opt/airflow/dags/etl_pipeline.py
[2025-08-21T08:14:16.836+0000] {processor.py:829} INFO - Processing file /opt/airflow/dags/etl_pipeline.py for tasks to queue
[2025-08-21T08:14:16.837+0000] {logging_mixin.py:151} INFO - [2025-08-21T08:14:16.836+0000] {dagbag.py:536} INFO - Filling up the DagBag from /opt/airflow/dags/etl_pipeline.py
[2025-08-21T08:14:16.860+0000] {processor.py:839} INFO - DAG(s) dict_keys(['okr_etl_pipeline']) retrieved from /opt/airflow/dags/etl_pipeline.py
[2025-08-21T08:14:16.889+0000] {logging_mixin.py:151} INFO - [2025-08-21T08:14:16.889+0000] {dag.py:2941} INFO - Sync 1 DAGs
[2025-08-21T08:14:16.913+0000] {logging_mixin.py:151} INFO - [2025-08-21T08:14:16.913+0000] {dag.py:3722} INFO - Setting next_dagrun for okr_etl_pipeline to 2025-08-20T00:00:00+00:00, run_after=2025-08-21T00:00:00+00:00
[2025-08-21T08:14:16.998+0000] {processor.py:179} INFO - Processing /opt/airflow/dags/etl_pipeline.py took 0.167 seconds
[2025-08-21T08:14:20.835+0000] {processor.py:157} INFO - Started process (PID=48) to work on /opt/airflow/dags/etl_pipeline.py
[2025-08-21T08:14:20.837+0000] {processor.py:829} INFO - Processing file /opt/airflow/dags/etl_pipeline.py for tasks to queue
[2025-08-21T08:14:20.838+0000] {logging_mixin.py:151} INFO - [2025-08-21T08:14:20.837+0000] {dagbag.py:536} INFO - Filling up the DagBag from /opt/airflow/dags/etl_pipeline.py
[2025-08-21T08:14:20.870+0000] {processor.py:839} INFO - DAG(s) dict_keys(['okr_etl_pipeline']) retrieved from /opt/airflow/dags/etl_pipeline.py
[2025-08-21T08:14:20.911+0000] {logging_mixin.py:151} INFO - [2025-08-21T08:14:20.910+0000] {dag.py:2941} INFO - Sync 1 DAGs
[2025-08-21T08:14:20.942+0000] {logging_mixin.py:151} INFO - [2025-08-21T08:14:20.941+0000] {dag.py:3722} INFO - Setting next_dagrun for okr_etl_pipeline to 2025-08-20T00:00:00+00:00, run_after=2025-08-21T00:00:00+00:00
[2025-08-21T08:14:21.030+0000] {processor.py:179} INFO - Processing /opt/airflow/dags/etl_pipeline.py took 0.197 seconds
[2025-08-21T08:14:30.181+0000] {processor.py:157} INFO - Started process (PID=33) to work on /opt/airflow/dags/etl_pipeline.py
[2025-08-21T08:14:30.183+0000] {processor.py:829} INFO - Processing file /opt/airflow/dags/etl_pipeline.py for tasks to queue
[2025-08-21T08:14:30.184+0000] {logging_mixin.py:151} INFO - [2025-08-21T08:14:30.184+0000] {dagbag.py:536} INFO - Filling up the DagBag from /opt/airflow/dags/etl_pipeline.py
[2025-08-21T08:14:30.213+0000] {processor.py:839} INFO - DAG(s) dict_keys(['okr_etl_pipeline']) retrieved from /opt/airflow/dags/etl_pipeline.py
[2025-08-21T08:14:30.260+0000] {logging_mixin.py:151} INFO - [2025-08-21T08:14:30.260+0000] {dag.py:2941} INFO - Sync 1 DAGs
[2025-08-21T08:14:30.293+0000] {logging_mixin.py:151} INFO - [2025-08-21T08:14:30.292+0000] {dag.py:3722} INFO - Setting next_dagrun for okr_etl_pipeline to 2025-08-20T00:00:00+00:00, run_after=2025-08-21T00:00:00+00:00
[2025-08-21T08:14:30.595+0000] {processor.py:179} INFO - Processing /opt/airflow/dags/etl_pipeline.py took 0.205 seconds
[2025-08-21T08:17:02.483+0000] {processor.py:157} INFO - Started process (PID=28) to work on /opt/airflow/dags/etl_pipeline.py
[2025-08-21T08:17:02.486+0000] {processor.py:829} INFO - Processing file /opt/airflow/dags/etl_pipeline.py for tasks to queue
[2025-08-21T08:17:02.488+0000] {logging_mixin.py:151} INFO - [2025-08-21T08:17:02.487+0000] {dagbag.py:536} INFO - Filling up the DagBag from /opt/airflow/dags/etl_pipeline.py
[2025-08-21T08:17:02.533+0000] {processor.py:839} INFO - DAG(s) dict_keys(['okr_etl_pipeline']) retrieved from /opt/airflow/dags/etl_pipeline.py
[2025-08-21T08:17:02.580+0000] {logging_mixin.py:151} INFO - [2025-08-21T08:17:02.580+0000] {dag.py:2941} INFO - Sync 1 DAGs
[2025-08-21T08:17:02.612+0000] {logging_mixin.py:151} INFO - [2025-08-21T08:17:02.612+0000] {dag.py:3722} INFO - Setting next_dagrun for okr_etl_pipeline to 2025-08-20T00:00:00+00:00, run_after=2025-08-21T00:00:00+00:00
[2025-08-21T08:17:02.705+0000] {processor.py:179} INFO - Processing /opt/airflow/dags/etl_pipeline.py took 0.227 seconds
[2025-08-21T08:17:33.300+0000] {processor.py:157} INFO - Started process (PID=29) to work on /opt/airflow/dags/etl_pipeline.py
[2025-08-21T08:17:33.302+0000] {processor.py:829} INFO - Processing file /opt/airflow/dags/etl_pipeline.py for tasks to queue
[2025-08-21T08:17:33.303+0000] {logging_mixin.py:151} INFO - [2025-08-21T08:17:33.303+0000] {dagbag.py:536} INFO - Filling up the DagBag from /opt/airflow/dags/etl_pipeline.py
[2025-08-21T08:17:33.347+0000] {processor.py:839} INFO - DAG(s) dict_keys(['okr_etl_pipeline']) retrieved from /opt/airflow/dags/etl_pipeline.py
[2025-08-21T08:17:33.396+0000] {logging_mixin.py:151} INFO - [2025-08-21T08:17:33.396+0000] {dag.py:2941} INFO - Sync 1 DAGs
[2025-08-21T08:17:33.436+0000] {logging_mixin.py:151} INFO - [2025-08-21T08:17:33.436+0000] {dag.py:3722} INFO - Setting next_dagrun for okr_etl_pipeline to 2025-08-20T00:00:00+00:00, run_after=2025-08-21T00:00:00+00:00
[2025-08-21T08:17:33.571+0000] {processor.py:179} INFO - Processing /opt/airflow/dags/etl_pipeline.py took 0.275 seconds
[2025-08-21T08:18:04.223+0000] {processor.py:157} INFO - Started process (PID=30) to work on /opt/airflow/dags/etl_pipeline.py
[2025-08-21T08:18:04.225+0000] {processor.py:829} INFO - Processing file /opt/airflow/dags/etl_pipeline.py for tasks to queue
[2025-08-21T08:18:04.227+0000] {logging_mixin.py:151} INFO - [2025-08-21T08:18:04.226+0000] {dagbag.py:536} INFO - Filling up the DagBag from /opt/airflow/dags/etl_pipeline.py
[2025-08-21T08:18:04.268+0000] {processor.py:839} INFO - DAG(s) dict_keys(['okr_etl_pipeline']) retrieved from /opt/airflow/dags/etl_pipeline.py
[2025-08-21T08:18:04.323+0000] {logging_mixin.py:151} INFO - [2025-08-21T08:18:04.322+0000] {dag.py:2941} INFO - Sync 1 DAGs
[2025-08-21T08:18:04.374+0000] {logging_mixin.py:151} INFO - [2025-08-21T08:18:04.374+0000] {dag.py:3722} INFO - Setting next_dagrun for okr_etl_pipeline to 2025-08-20T00:00:00+00:00, run_after=2025-08-21T00:00:00+00:00
[2025-08-21T08:18:04.496+0000] {processor.py:179} INFO - Processing /opt/airflow/dags/etl_pipeline.py took 0.278 seconds
[2025-08-21T08:18:35.225+0000] {processor.py:157} INFO - Started process (PID=31) to work on /opt/airflow/dags/etl_pipeline.py
[2025-08-21T08:18:35.226+0000] {processor.py:829} INFO - Processing file /opt/airflow/dags/etl_pipeline.py for tasks to queue
[2025-08-21T08:18:35.228+0000] {logging_mixin.py:151} INFO - [2025-08-21T08:18:35.227+0000] {dagbag.py:536} INFO - Filling up the DagBag from /opt/airflow/dags/etl_pipeline.py
[2025-08-21T08:18:35.269+0000] {processor.py:839} INFO - DAG(s) dict_keys(['okr_etl_pipeline']) retrieved from /opt/airflow/dags/etl_pipeline.py
[2025-08-21T08:18:35.320+0000] {logging_mixin.py:151} INFO - [2025-08-21T08:18:35.320+0000] {dag.py:2941} INFO - Sync 1 DAGs
[2025-08-21T08:18:35.354+0000] {logging_mixin.py:151} INFO - [2025-08-21T08:18:35.354+0000] {dag.py:3722} INFO - Setting next_dagrun for okr_etl_pipeline to 2025-08-20T00:00:00+00:00, run_after=2025-08-21T00:00:00+00:00
[2025-08-21T08:18:35.443+0000] {processor.py:179} INFO - Processing /opt/airflow/dags/etl_pipeline.py took 0.221 seconds
[2025-08-21T08:19:05.816+0000] {processor.py:157} INFO - Started process (PID=32) to work on /opt/airflow/dags/etl_pipeline.py
[2025-08-21T08:19:05.817+0000] {processor.py:829} INFO - Processing file /opt/airflow/dags/etl_pipeline.py for tasks to queue
[2025-08-21T08:19:05.818+0000] {logging_mixin.py:151} INFO - [2025-08-21T08:19:05.818+0000] {dagbag.py:536} INFO - Filling up the DagBag from /opt/airflow/dags/etl_pipeline.py
[2025-08-21T08:19:05.841+0000] {processor.py:839} INFO - DAG(s) dict_keys(['okr_etl_pipeline']) retrieved from /opt/airflow/dags/etl_pipeline.py
[2025-08-21T08:19:05.875+0000] {logging_mixin.py:151} INFO - [2025-08-21T08:19:05.874+0000] {dag.py:2941} INFO - Sync 1 DAGs
[2025-08-21T08:19:05.901+0000] {logging_mixin.py:151} INFO - [2025-08-21T08:19:05.900+0000] {dag.py:3722} INFO - Setting next_dagrun for okr_etl_pipeline to 2025-08-20T00:00:00+00:00, run_after=2025-08-21T00:00:00+00:00
[2025-08-21T08:19:05.982+0000] {processor.py:179} INFO - Processing /opt/airflow/dags/etl_pipeline.py took 0.169 seconds
[2025-08-21T08:19:36.429+0000] {processor.py:157} INFO - Started process (PID=33) to work on /opt/airflow/dags/etl_pipeline.py
[2025-08-21T08:19:36.431+0000] {processor.py:829} INFO - Processing file /opt/airflow/dags/etl_pipeline.py for tasks to queue
[2025-08-21T08:19:36.433+0000] {logging_mixin.py:151} INFO - [2025-08-21T08:19:36.432+0000] {dagbag.py:536} INFO - Filling up the DagBag from /opt/airflow/dags/etl_pipeline.py
[2025-08-21T08:19:36.460+0000] {processor.py:839} INFO - DAG(s) dict_keys(['okr_etl_pipeline']) retrieved from /opt/airflow/dags/etl_pipeline.py
[2025-08-21T08:19:36.500+0000] {logging_mixin.py:151} INFO - [2025-08-21T08:19:36.500+0000] {dag.py:2941} INFO - Sync 1 DAGs
[2025-08-21T08:19:36.530+0000] {logging_mixin.py:151} INFO - [2025-08-21T08:19:36.530+0000] {dag.py:3722} INFO - Setting next_dagrun for okr_etl_pipeline to 2025-08-20T00:00:00+00:00, run_after=2025-08-21T00:00:00+00:00
[2025-08-21T08:19:36.633+0000] {processor.py:179} INFO - Processing /opt/airflow/dags/etl_pipeline.py took 0.207 seconds
[2025-08-21T08:20:07.102+0000] {processor.py:157} INFO - Started process (PID=34) to work on /opt/airflow/dags/etl_pipeline.py
[2025-08-21T08:20:07.107+0000] {processor.py:829} INFO - Processing file /opt/airflow/dags/etl_pipeline.py for tasks to queue
[2025-08-21T08:20:07.110+0000] {logging_mixin.py:151} INFO - [2025-08-21T08:20:07.109+0000] {dagbag.py:536} INFO - Filling up the DagBag from /opt/airflow/dags/etl_pipeline.py
[2025-08-21T08:20:07.194+0000] {processor.py:839} INFO - DAG(s) dict_keys(['okr_etl_pipeline']) retrieved from /opt/airflow/dags/etl_pipeline.py
[2025-08-21T08:20:07.281+0000] {logging_mixin.py:151} INFO - [2025-08-21T08:20:07.281+0000] {dag.py:2941} INFO - Sync 1 DAGs
[2025-08-21T08:20:07.346+0000] {logging_mixin.py:151} INFO - [2025-08-21T08:20:07.346+0000] {dag.py:3722} INFO - Setting next_dagrun for okr_etl_pipeline to 2025-08-20T00:00:00+00:00, run_after=2025-08-21T00:00:00+00:00
[2025-08-21T08:20:07.519+0000] {processor.py:179} INFO - Processing /opt/airflow/dags/etl_pipeline.py took 0.423 seconds
[2025-08-21T08:20:37.868+0000] {processor.py:157} INFO - Started process (PID=35) to work on /opt/airflow/dags/etl_pipeline.py
[2025-08-21T08:20:37.871+0000] {processor.py:829} INFO - Processing file /opt/airflow/dags/etl_pipeline.py for tasks to queue
[2025-08-21T08:20:37.874+0000] {logging_mixin.py:151} INFO - [2025-08-21T08:20:37.873+0000] {dagbag.py:536} INFO - Filling up the DagBag from /opt/airflow/dags/etl_pipeline.py
[2025-08-21T08:20:37.924+0000] {processor.py:839} INFO - DAG(s) dict_keys(['okr_etl_pipeline']) retrieved from /opt/airflow/dags/etl_pipeline.py
[2025-08-21T08:20:37.978+0000] {logging_mixin.py:151} INFO - [2025-08-21T08:20:37.978+0000] {dag.py:2941} INFO - Sync 1 DAGs
[2025-08-21T08:20:38.039+0000] {logging_mixin.py:151} INFO - [2025-08-21T08:20:38.038+0000] {dag.py:3722} INFO - Setting next_dagrun for okr_etl_pipeline to 2025-08-20T00:00:00+00:00, run_after=2025-08-21T00:00:00+00:00
[2025-08-21T08:20:38.207+0000] {processor.py:179} INFO - Processing /opt/airflow/dags/etl_pipeline.py took 0.348 seconds
[2025-08-21T08:21:09.017+0000] {processor.py:157} INFO - Started process (PID=36) to work on /opt/airflow/dags/etl_pipeline.py
[2025-08-21T08:21:09.018+0000] {processor.py:829} INFO - Processing file /opt/airflow/dags/etl_pipeline.py for tasks to queue
[2025-08-21T08:21:09.020+0000] {logging_mixin.py:151} INFO - [2025-08-21T08:21:09.019+0000] {dagbag.py:536} INFO - Filling up the DagBag from /opt/airflow/dags/etl_pipeline.py
[2025-08-21T08:21:09.062+0000] {processor.py:839} INFO - DAG(s) dict_keys(['okr_etl_pipeline']) retrieved from /opt/airflow/dags/etl_pipeline.py
[2025-08-21T08:21:09.140+0000] {logging_mixin.py:151} INFO - [2025-08-21T08:21:09.139+0000] {dag.py:2941} INFO - Sync 1 DAGs
[2025-08-21T08:21:09.184+0000] {logging_mixin.py:151} INFO - [2025-08-21T08:21:09.184+0000] {dag.py:3722} INFO - Setting next_dagrun for okr_etl_pipeline to 2025-08-20T00:00:00+00:00, run_after=2025-08-21T00:00:00+00:00
[2025-08-21T08:21:09.359+0000] {processor.py:179} INFO - Processing /opt/airflow/dags/etl_pipeline.py took 0.346 seconds
[2025-08-21T08:21:40.259+0000] {processor.py:157} INFO - Started process (PID=37) to work on /opt/airflow/dags/etl_pipeline.py
[2025-08-21T08:21:40.261+0000] {processor.py:829} INFO - Processing file /opt/airflow/dags/etl_pipeline.py for tasks to queue
[2025-08-21T08:21:40.263+0000] {logging_mixin.py:151} INFO - [2025-08-21T08:21:40.262+0000] {dagbag.py:536} INFO - Filling up the DagBag from /opt/airflow/dags/etl_pipeline.py
[2025-08-21T08:21:40.303+0000] {processor.py:839} INFO - DAG(s) dict_keys(['okr_etl_pipeline']) retrieved from /opt/airflow/dags/etl_pipeline.py
[2025-08-21T08:21:40.357+0000] {logging_mixin.py:151} INFO - [2025-08-21T08:21:40.356+0000] {dag.py:2941} INFO - Sync 1 DAGs
[2025-08-21T08:21:40.394+0000] {logging_mixin.py:151} INFO - [2025-08-21T08:21:40.394+0000] {dag.py:3722} INFO - Setting next_dagrun for okr_etl_pipeline to 2025-08-20T00:00:00+00:00, run_after=2025-08-21T00:00:00+00:00
[2025-08-21T08:21:40.496+0000] {processor.py:179} INFO - Processing /opt/airflow/dags/etl_pipeline.py took 0.241 seconds
[2025-08-21T08:22:11.429+0000] {processor.py:157} INFO - Started process (PID=38) to work on /opt/airflow/dags/etl_pipeline.py
[2025-08-21T08:22:11.431+0000] {processor.py:829} INFO - Processing file /opt/airflow/dags/etl_pipeline.py for tasks to queue
[2025-08-21T08:22:11.432+0000] {logging_mixin.py:151} INFO - [2025-08-21T08:22:11.432+0000] {dagbag.py:536} INFO - Filling up the DagBag from /opt/airflow/dags/etl_pipeline.py
[2025-08-21T08:22:11.468+0000] {processor.py:839} INFO - DAG(s) dict_keys(['okr_etl_pipeline']) retrieved from /opt/airflow/dags/etl_pipeline.py
[2025-08-21T08:22:11.510+0000] {logging_mixin.py:151} INFO - [2025-08-21T08:22:11.509+0000] {dag.py:2941} INFO - Sync 1 DAGs
[2025-08-21T08:22:11.539+0000] {logging_mixin.py:151} INFO - [2025-08-21T08:22:11.539+0000] {dag.py:3722} INFO - Setting next_dagrun for okr_etl_pipeline to 2025-08-20T00:00:00+00:00, run_after=2025-08-21T00:00:00+00:00
[2025-08-21T08:22:11.635+0000] {processor.py:179} INFO - Processing /opt/airflow/dags/etl_pipeline.py took 0.210 seconds
[2025-08-21T08:22:42.892+0000] {processor.py:157} INFO - Started process (PID=39) to work on /opt/airflow/dags/etl_pipeline.py
[2025-08-21T08:22:42.896+0000] {processor.py:829} INFO - Processing file /opt/airflow/dags/etl_pipeline.py for tasks to queue
[2025-08-21T08:22:42.903+0000] {logging_mixin.py:151} INFO - [2025-08-21T08:22:42.901+0000] {dagbag.py:536} INFO - Filling up the DagBag from /opt/airflow/dags/etl_pipeline.py
[2025-08-21T08:22:42.975+0000] {processor.py:839} INFO - DAG(s) dict_keys(['okr_etl_pipeline']) retrieved from /opt/airflow/dags/etl_pipeline.py
[2025-08-21T08:22:43.037+0000] {logging_mixin.py:151} INFO - [2025-08-21T08:22:43.036+0000] {dag.py:2941} INFO - Sync 1 DAGs
[2025-08-21T08:22:43.091+0000] {logging_mixin.py:151} INFO - [2025-08-21T08:22:43.091+0000] {dag.py:3722} INFO - Setting next_dagrun for okr_etl_pipeline to 2025-08-20T00:00:00+00:00, run_after=2025-08-21T00:00:00+00:00
[2025-08-21T08:22:43.275+0000] {processor.py:179} INFO - Processing /opt/airflow/dags/etl_pipeline.py took 0.396 seconds
[2025-08-21T08:23:13.954+0000] {processor.py:157} INFO - Started process (PID=40) to work on /opt/airflow/dags/etl_pipeline.py
[2025-08-21T08:23:13.956+0000] {processor.py:829} INFO - Processing file /opt/airflow/dags/etl_pipeline.py for tasks to queue
[2025-08-21T08:23:13.957+0000] {logging_mixin.py:151} INFO - [2025-08-21T08:23:13.957+0000] {dagbag.py:536} INFO - Filling up the DagBag from /opt/airflow/dags/etl_pipeline.py
[2025-08-21T08:23:13.994+0000] {processor.py:839} INFO - DAG(s) dict_keys(['okr_etl_pipeline']) retrieved from /opt/airflow/dags/etl_pipeline.py
[2025-08-21T08:23:14.032+0000] {logging_mixin.py:151} INFO - [2025-08-21T08:23:14.031+0000] {dag.py:2941} INFO - Sync 1 DAGs
[2025-08-21T08:23:14.070+0000] {logging_mixin.py:151} INFO - [2025-08-21T08:23:14.069+0000] {dag.py:3722} INFO - Setting next_dagrun for okr_etl_pipeline to 2025-08-20T00:00:00+00:00, run_after=2025-08-21T00:00:00+00:00
[2025-08-21T08:23:14.229+0000] {processor.py:179} INFO - Processing /opt/airflow/dags/etl_pipeline.py took 0.279 seconds
[2025-08-21T08:23:45.421+0000] {processor.py:157} INFO - Started process (PID=41) to work on /opt/airflow/dags/etl_pipeline.py
[2025-08-21T08:23:45.426+0000] {processor.py:829} INFO - Processing file /opt/airflow/dags/etl_pipeline.py for tasks to queue
[2025-08-21T08:23:45.428+0000] {logging_mixin.py:151} INFO - [2025-08-21T08:23:45.427+0000] {dagbag.py:536} INFO - Filling up the DagBag from /opt/airflow/dags/etl_pipeline.py
[2025-08-21T08:23:45.478+0000] {processor.py:839} INFO - DAG(s) dict_keys(['okr_etl_pipeline']) retrieved from /opt/airflow/dags/etl_pipeline.py
[2025-08-21T08:23:45.537+0000] {logging_mixin.py:151} INFO - [2025-08-21T08:23:45.537+0000] {dag.py:2941} INFO - Sync 1 DAGs
[2025-08-21T08:23:45.583+0000] {logging_mixin.py:151} INFO - [2025-08-21T08:23:45.583+0000] {dag.py:3722} INFO - Setting next_dagrun for okr_etl_pipeline to 2025-08-20T00:00:00+00:00, run_after=2025-08-21T00:00:00+00:00
[2025-08-21T08:23:45.733+0000] {processor.py:179} INFO - Processing /opt/airflow/dags/etl_pipeline.py took 0.319 seconds
[2025-08-21T08:24:17.060+0000] {processor.py:157} INFO - Started process (PID=42) to work on /opt/airflow/dags/etl_pipeline.py
[2025-08-21T08:24:17.064+0000] {processor.py:829} INFO - Processing file /opt/airflow/dags/etl_pipeline.py for tasks to queue
[2025-08-21T08:24:17.067+0000] {logging_mixin.py:151} INFO - [2025-08-21T08:24:17.066+0000] {dagbag.py:536} INFO - Filling up the DagBag from /opt/airflow/dags/etl_pipeline.py
[2025-08-21T08:24:17.104+0000] {processor.py:839} INFO - DAG(s) dict_keys(['okr_etl_pipeline']) retrieved from /opt/airflow/dags/etl_pipeline.py
[2025-08-21T08:24:17.154+0000] {logging_mixin.py:151} INFO - [2025-08-21T08:24:17.153+0000] {dag.py:2941} INFO - Sync 1 DAGs
[2025-08-21T08:24:17.191+0000] {logging_mixin.py:151} INFO - [2025-08-21T08:24:17.190+0000] {dag.py:3722} INFO - Setting next_dagrun for okr_etl_pipeline to 2025-08-20T00:00:00+00:00, run_after=2025-08-21T00:00:00+00:00
[2025-08-21T08:24:17.319+0000] {processor.py:179} INFO - Processing /opt/airflow/dags/etl_pipeline.py took 0.263 seconds
[2025-08-21T08:24:47.412+0000] {processor.py:157} INFO - Started process (PID=43) to work on /opt/airflow/dags/etl_pipeline.py
[2025-08-21T08:24:47.413+0000] {processor.py:829} INFO - Processing file /opt/airflow/dags/etl_pipeline.py for tasks to queue
[2025-08-21T08:24:47.415+0000] {logging_mixin.py:151} INFO - [2025-08-21T08:24:47.414+0000] {dagbag.py:536} INFO - Filling up the DagBag from /opt/airflow/dags/etl_pipeline.py
[2025-08-21T08:24:47.439+0000] {processor.py:839} INFO - DAG(s) dict_keys(['okr_etl_pipeline']) retrieved from /opt/airflow/dags/etl_pipeline.py
[2025-08-21T08:24:47.478+0000] {logging_mixin.py:151} INFO - [2025-08-21T08:24:47.478+0000] {dag.py:2941} INFO - Sync 1 DAGs
[2025-08-21T08:24:47.514+0000] {logging_mixin.py:151} INFO - [2025-08-21T08:24:47.514+0000] {dag.py:3722} INFO - Setting next_dagrun for okr_etl_pipeline to 2025-08-20T00:00:00+00:00, run_after=2025-08-21T00:00:00+00:00
[2025-08-21T08:24:47.593+0000] {processor.py:179} INFO - Processing /opt/airflow/dags/etl_pipeline.py took 0.185 seconds
[2025-08-21T08:25:18.120+0000] {processor.py:157} INFO - Started process (PID=44) to work on /opt/airflow/dags/etl_pipeline.py
[2025-08-21T08:25:18.133+0000] {processor.py:829} INFO - Processing file /opt/airflow/dags/etl_pipeline.py for tasks to queue
[2025-08-21T08:25:18.136+0000] {logging_mixin.py:151} INFO - [2025-08-21T08:25:18.134+0000] {dagbag.py:536} INFO - Filling up the DagBag from /opt/airflow/dags/etl_pipeline.py
[2025-08-21T08:25:18.285+0000] {processor.py:839} INFO - DAG(s) dict_keys(['okr_etl_pipeline']) retrieved from /opt/airflow/dags/etl_pipeline.py
[2025-08-21T08:25:18.450+0000] {logging_mixin.py:151} INFO - [2025-08-21T08:25:18.450+0000] {dag.py:2941} INFO - Sync 1 DAGs
[2025-08-21T08:25:18.497+0000] {logging_mixin.py:151} INFO - [2025-08-21T08:25:18.497+0000] {dag.py:3722} INFO - Setting next_dagrun for okr_etl_pipeline to 2025-08-20T00:00:00+00:00, run_after=2025-08-21T00:00:00+00:00
[2025-08-21T08:25:18.598+0000] {processor.py:179} INFO - Processing /opt/airflow/dags/etl_pipeline.py took 0.524 seconds
[2025-08-21T08:25:49.522+0000] {processor.py:157} INFO - Started process (PID=45) to work on /opt/airflow/dags/etl_pipeline.py
[2025-08-21T08:25:49.524+0000] {processor.py:829} INFO - Processing file /opt/airflow/dags/etl_pipeline.py for tasks to queue
[2025-08-21T08:25:49.525+0000] {logging_mixin.py:151} INFO - [2025-08-21T08:25:49.525+0000] {dagbag.py:536} INFO - Filling up the DagBag from /opt/airflow/dags/etl_pipeline.py
[2025-08-21T08:25:49.547+0000] {processor.py:839} INFO - DAG(s) dict_keys(['okr_etl_pipeline']) retrieved from /opt/airflow/dags/etl_pipeline.py
[2025-08-21T08:25:49.580+0000] {logging_mixin.py:151} INFO - [2025-08-21T08:25:49.580+0000] {dag.py:2941} INFO - Sync 1 DAGs
[2025-08-21T08:25:49.616+0000] {logging_mixin.py:151} INFO - [2025-08-21T08:25:49.615+0000] {dag.py:3722} INFO - Setting next_dagrun for okr_etl_pipeline to 2025-08-20T00:00:00+00:00, run_after=2025-08-21T00:00:00+00:00
[2025-08-21T08:25:49.738+0000] {processor.py:179} INFO - Processing /opt/airflow/dags/etl_pipeline.py took 0.219 seconds
[2025-08-21T08:26:20.445+0000] {processor.py:157} INFO - Started process (PID=46) to work on /opt/airflow/dags/etl_pipeline.py
[2025-08-21T08:26:20.447+0000] {processor.py:829} INFO - Processing file /opt/airflow/dags/etl_pipeline.py for tasks to queue
[2025-08-21T08:26:20.448+0000] {logging_mixin.py:151} INFO - [2025-08-21T08:26:20.447+0000] {dagbag.py:536} INFO - Filling up the DagBag from /opt/airflow/dags/etl_pipeline.py
[2025-08-21T08:26:20.477+0000] {processor.py:839} INFO - DAG(s) dict_keys(['okr_etl_pipeline']) retrieved from /opt/airflow/dags/etl_pipeline.py
[2025-08-21T08:26:20.531+0000] {logging_mixin.py:151} INFO - [2025-08-21T08:26:20.530+0000] {dag.py:2941} INFO - Sync 1 DAGs
[2025-08-21T08:26:20.562+0000] {logging_mixin.py:151} INFO - [2025-08-21T08:26:20.562+0000] {dag.py:3722} INFO - Setting next_dagrun for okr_etl_pipeline to 2025-08-20T00:00:00+00:00, run_after=2025-08-21T00:00:00+00:00
[2025-08-21T08:26:20.636+0000] {processor.py:179} INFO - Processing /opt/airflow/dags/etl_pipeline.py took 0.195 seconds
[2025-08-21T08:26:51.840+0000] {processor.py:157} INFO - Started process (PID=47) to work on /opt/airflow/dags/etl_pipeline.py
[2025-08-21T08:26:51.842+0000] {processor.py:829} INFO - Processing file /opt/airflow/dags/etl_pipeline.py for tasks to queue
[2025-08-21T08:26:51.843+0000] {logging_mixin.py:151} INFO - [2025-08-21T08:26:51.843+0000] {dagbag.py:536} INFO - Filling up the DagBag from /opt/airflow/dags/etl_pipeline.py
[2025-08-21T08:26:51.893+0000] {processor.py:839} INFO - DAG(s) dict_keys(['okr_etl_pipeline']) retrieved from /opt/airflow/dags/etl_pipeline.py
[2025-08-21T08:26:51.959+0000] {logging_mixin.py:151} INFO - [2025-08-21T08:26:51.958+0000] {dag.py:2941} INFO - Sync 1 DAGs
[2025-08-21T08:26:52.038+0000] {logging_mixin.py:151} INFO - [2025-08-21T08:26:52.038+0000] {dag.py:3722} INFO - Setting next_dagrun for okr_etl_pipeline to 2025-08-20T00:00:00+00:00, run_after=2025-08-21T00:00:00+00:00
[2025-08-21T08:26:52.158+0000] {processor.py:179} INFO - Processing /opt/airflow/dags/etl_pipeline.py took 0.324 seconds
[2025-08-21T08:27:23.249+0000] {processor.py:157} INFO - Started process (PID=48) to work on /opt/airflow/dags/etl_pipeline.py
[2025-08-21T08:27:23.256+0000] {processor.py:829} INFO - Processing file /opt/airflow/dags/etl_pipeline.py for tasks to queue
[2025-08-21T08:27:23.260+0000] {logging_mixin.py:151} INFO - [2025-08-21T08:27:23.259+0000] {dagbag.py:536} INFO - Filling up the DagBag from /opt/airflow/dags/etl_pipeline.py
[2025-08-21T08:27:23.300+0000] {processor.py:839} INFO - DAG(s) dict_keys(['okr_etl_pipeline']) retrieved from /opt/airflow/dags/etl_pipeline.py
[2025-08-21T08:27:23.355+0000] {logging_mixin.py:151} INFO - [2025-08-21T08:27:23.355+0000] {dag.py:2941} INFO - Sync 1 DAGs
[2025-08-21T08:27:23.396+0000] {logging_mixin.py:151} INFO - [2025-08-21T08:27:23.395+0000] {dag.py:3722} INFO - Setting next_dagrun for okr_etl_pipeline to 2025-08-20T00:00:00+00:00, run_after=2025-08-21T00:00:00+00:00
[2025-08-21T08:27:23.496+0000] {processor.py:179} INFO - Processing /opt/airflow/dags/etl_pipeline.py took 0.254 seconds
