[2025-09-04T18:51:11.463+0300] {scheduler_job_runner.py:1022} INFO - Starting the scheduler
[2025-09-04T18:51:11.492+0300] {executor_loader.py:269} INFO - Loaded executor: :LocalExecutor:
[2025-09-04T18:51:11.508+0300] {scheduler_job_runner.py:2218} INFO - Adopting or resetting orphaned tasks for active dag runs
Dag run  in running state
Dag information Queued at: 2025-09-04 15:47:29.207150+00:00 version: 1
Dag run  in running state
Dag information Queued at: 2025-09-04 15:48:49.933772+00:00 version: 1
[2025-09-04T18:51:11.847+0300] {dagrun.py:1039} INFO - Found span_status 'active', while updating state for dag_run 'manual__2025-09-04T15:35:46.892361+00:00'
[2025-09-04T18:51:11.860+0300] {dagrun.py:1039} INFO - Found span_status 'active', while updating state for dag_run 'manual__2025-09-04T15:38:05.725802+00:00_D6x18cp2'
[2025-09-04T18:51:11.873+0300] {dagrun.py:1039} INFO - Found span_status 'active', while updating state for dag_run 'manual__2025-09-04T15:19:42.683050+00:00'
[2025-09-04T18:51:11.909+0300] {dagrun.py:1039} INFO - Found span_status 'active', while updating state for dag_run 'manual__2025-09-04T14:57:39.562513+00:00'
[2025-09-04T18:51:11.924+0300] {dagrun.py:1039} INFO - Found span_status 'active', while updating state for dag_run 'manual__2025-09-04T14:59:06.568453+00:00'
[2025-09-04T18:51:11.946+0300] {dagrun.py:1039} INFO - Found span_status 'active', while updating state for dag_run 'scheduled__2025-09-04T15:00:00+00:00'
[2025-09-04T18:51:11.960+0300] {dagrun.py:1039} INFO - Found span_status 'active', while updating state for dag_run 'scheduled__2025-09-04T14:00:00+00:00'
[2025-09-04T18:51:11.974+0300] {dagrun.py:1039} INFO - Found span_status 'active', while updating state for dag_run 'scheduled__2025-09-03T08:00:00+00:00'
[2025-09-04T18:51:12.000+0300] {dagrun.py:1039} INFO - Found span_status 'active', while updating state for dag_run 'manual__2025-09-03T08:40:09.518761+00:00'
[2025-09-04T18:51:12.096+0300] {scheduler_job_runner.py:461} INFO - 16 tasks up for execution:
	<TaskInstance: scm_transform_dag.transform_assets manual__2025-09-04T14:57:39.562513+00:00 [scheduled]>
	<TaskInstance: scm_transform_dag.transform_tools manual__2025-09-04T14:57:39.562513+00:00 [scheduled]>
	<TaskInstance: scm_transform_dag.transform_inventory manual__2025-09-04T14:57:39.562513+00:00 [scheduled]>
	<TaskInstance: scm_transform_dag.transform_assets manual__2025-09-04T14:59:06.568453+00:00 [scheduled]>
	<TaskInstance: scm_transform_dag.transform_inventory manual__2025-09-04T14:59:06.568453+00:00 [scheduled]>
	<TaskInstance: scm_transform_dag.transform_tools manual__2025-09-04T14:59:06.568453+00:00 [scheduled]>
	<TaskInstance: scm_transform_dag.transform_tools scheduled__2025-09-04T15:00:00+00:00 [scheduled]>
	<TaskInstance: scm_transform_dag.transform_assets scheduled__2025-09-04T15:00:00+00:00 [scheduled]>
	<TaskInstance: scm_transform_dag.transform_inventory scheduled__2025-09-04T15:00:00+00:00 [scheduled]>
	<TaskInstance: scm_extract_dag.extract_scm_data scheduled__2025-09-03T08:00:00+00:00 [scheduled]>
	<TaskInstance: scm_extract_dag.extract_scm_data manual__2025-09-03T08:40:09.518761+00:00 [scheduled]>
	<TaskInstance: scm_extract_dag.extract_scm_data scheduled__2025-09-04T14:00:00+00:00 [scheduled]>
	<TaskInstance: scm_extract_dag.extract_scm_data manual__2025-09-04T15:19:42.683050+00:00 [scheduled]>
	<TaskInstance: scm_extract_dag.extract_scm_data manual__2025-09-04T15:35:46.892361+00:00 [scheduled]>
	<TaskInstance: scm_extract_dag.extract_scm_data manual__2025-09-04T15:47:29.161398+00:00 [scheduled]>
	<TaskInstance: scm_extract_dag.extract_scm_data manual__2025-09-04T15:38:05.725802+00:00_D6x18cp2 [scheduled]>
[2025-09-04T18:51:12.097+0300] {scheduler_job_runner.py:533} INFO - DAG scm_transform_dag has 0/16 running and queued tasks
[2025-09-04T18:51:12.097+0300] {scheduler_job_runner.py:533} INFO - DAG scm_transform_dag has 1/16 running and queued tasks
[2025-09-04T18:51:12.098+0300] {scheduler_job_runner.py:533} INFO - DAG scm_transform_dag has 2/16 running and queued tasks
[2025-09-04T18:51:12.098+0300] {scheduler_job_runner.py:533} INFO - DAG scm_transform_dag has 0/16 running and queued tasks
[2025-09-04T18:51:12.098+0300] {scheduler_job_runner.py:533} INFO - DAG scm_transform_dag has 1/16 running and queued tasks
[2025-09-04T18:51:12.099+0300] {scheduler_job_runner.py:533} INFO - DAG scm_transform_dag has 2/16 running and queued tasks
[2025-09-04T18:51:12.099+0300] {scheduler_job_runner.py:533} INFO - DAG scm_transform_dag has 0/16 running and queued tasks
[2025-09-04T18:51:12.099+0300] {scheduler_job_runner.py:533} INFO - DAG scm_transform_dag has 1/16 running and queued tasks
[2025-09-04T18:51:12.099+0300] {scheduler_job_runner.py:533} INFO - DAG scm_transform_dag has 2/16 running and queued tasks
[2025-09-04T18:51:12.100+0300] {scheduler_job_runner.py:533} INFO - DAG scm_extract_dag has 0/16 running and queued tasks
[2025-09-04T18:51:12.100+0300] {scheduler_job_runner.py:533} INFO - DAG scm_extract_dag has 0/16 running and queued tasks
[2025-09-04T18:51:12.100+0300] {scheduler_job_runner.py:533} INFO - DAG scm_extract_dag has 0/16 running and queued tasks
[2025-09-04T18:51:12.100+0300] {scheduler_job_runner.py:533} INFO - DAG scm_extract_dag has 0/16 running and queued tasks
[2025-09-04T18:51:12.101+0300] {scheduler_job_runner.py:533} INFO - DAG scm_extract_dag has 0/16 running and queued tasks
[2025-09-04T18:51:12.101+0300] {scheduler_job_runner.py:533} INFO - DAG scm_extract_dag has 0/16 running and queued tasks
[2025-09-04T18:51:12.101+0300] {scheduler_job_runner.py:533} INFO - DAG scm_extract_dag has 0/16 running and queued tasks
[2025-09-04T18:51:12.101+0300] {scheduler_job_runner.py:672} INFO - Setting the following tasks to queued state:
	<TaskInstance: scm_transform_dag.transform_assets manual__2025-09-04T14:57:39.562513+00:00 [scheduled]>
	<TaskInstance: scm_transform_dag.transform_tools manual__2025-09-04T14:57:39.562513+00:00 [scheduled]>
	<TaskInstance: scm_transform_dag.transform_inventory manual__2025-09-04T14:57:39.562513+00:00 [scheduled]>
	<TaskInstance: scm_transform_dag.transform_assets manual__2025-09-04T14:59:06.568453+00:00 [scheduled]>
	<TaskInstance: scm_transform_dag.transform_inventory manual__2025-09-04T14:59:06.568453+00:00 [scheduled]>
	<TaskInstance: scm_transform_dag.transform_tools manual__2025-09-04T14:59:06.568453+00:00 [scheduled]>
	<TaskInstance: scm_transform_dag.transform_tools scheduled__2025-09-04T15:00:00+00:00 [scheduled]>
	<TaskInstance: scm_transform_dag.transform_assets scheduled__2025-09-04T15:00:00+00:00 [scheduled]>
	<TaskInstance: scm_transform_dag.transform_inventory scheduled__2025-09-04T15:00:00+00:00 [scheduled]>
	<TaskInstance: scm_extract_dag.extract_scm_data scheduled__2025-09-03T08:00:00+00:00 [scheduled]>
	<TaskInstance: scm_extract_dag.extract_scm_data manual__2025-09-03T08:40:09.518761+00:00 [scheduled]>
	<TaskInstance: scm_extract_dag.extract_scm_data scheduled__2025-09-04T14:00:00+00:00 [scheduled]>
	<TaskInstance: scm_extract_dag.extract_scm_data manual__2025-09-04T15:19:42.683050+00:00 [scheduled]>
	<TaskInstance: scm_extract_dag.extract_scm_data manual__2025-09-04T15:35:46.892361+00:00 [scheduled]>
	<TaskInstance: scm_extract_dag.extract_scm_data manual__2025-09-04T15:47:29.161398+00:00 [scheduled]>
	<TaskInstance: scm_extract_dag.extract_scm_data manual__2025-09-04T15:38:05.725802+00:00_D6x18cp2 [scheduled]>
[2025-09-04T18:51:12.114+0300] {scheduler_job_runner.py:778} INFO - Trying to enqueue tasks: [<TaskInstance: scm_transform_dag.transform_assets manual__2025-09-04T14:57:39.562513+00:00 [scheduled]>, <TaskInstance: scm_transform_dag.transform_tools manual__2025-09-04T14:57:39.562513+00:00 [scheduled]>, <TaskInstance: scm_transform_dag.transform_inventory manual__2025-09-04T14:57:39.562513+00:00 [scheduled]>, <TaskInstance: scm_transform_dag.transform_assets manual__2025-09-04T14:59:06.568453+00:00 [scheduled]>, <TaskInstance: scm_transform_dag.transform_inventory manual__2025-09-04T14:59:06.568453+00:00 [scheduled]>, <TaskInstance: scm_transform_dag.transform_tools manual__2025-09-04T14:59:06.568453+00:00 [scheduled]>, <TaskInstance: scm_transform_dag.transform_tools scheduled__2025-09-04T15:00:00+00:00 [scheduled]>, <TaskInstance: scm_transform_dag.transform_assets scheduled__2025-09-04T15:00:00+00:00 [scheduled]>, <TaskInstance: scm_transform_dag.transform_inventory scheduled__2025-09-04T15:00:00+00:00 [scheduled]>, <TaskInstance: scm_extract_dag.extract_scm_data scheduled__2025-09-03T08:00:00+00:00 [scheduled]>, <TaskInstance: scm_extract_dag.extract_scm_data manual__2025-09-03T08:40:09.518761+00:00 [scheduled]>, <TaskInstance: scm_extract_dag.extract_scm_data scheduled__2025-09-04T14:00:00+00:00 [scheduled]>, <TaskInstance: scm_extract_dag.extract_scm_data manual__2025-09-04T15:19:42.683050+00:00 [scheduled]>, <TaskInstance: scm_extract_dag.extract_scm_data manual__2025-09-04T15:35:46.892361+00:00 [scheduled]>, <TaskInstance: scm_extract_dag.extract_scm_data manual__2025-09-04T15:47:29.161398+00:00 [scheduled]>, <TaskInstance: scm_extract_dag.extract_scm_data manual__2025-09-04T15:38:05.725802+00:00_D6x18cp2 [scheduled]>] for executor: LocalExecutor(parallelism=32)
[2025-09-04T18:51:12.122+0300] {scheduler_job_runner.py:1052} ERROR - Exception when executing SchedulerJob._run_scheduler_loop
Traceback (most recent call last):
  File "/home/yab/DataPipeline/SCM_Pipeline/myenv/lib/python3.12/site-packages/airflow/jobs/scheduler_job_runner.py", line 1048, in _execute
    self._run_scheduler_loop()
  File "/home/yab/DataPipeline/SCM_Pipeline/myenv/lib/python3.12/site-packages/airflow/jobs/scheduler_job_runner.py", line 1332, in _run_scheduler_loop
    num_queued_tis = self._do_scheduling(session)
                     ^^^^^^^^^^^^^^^^^^^^^^^^^^^^
  File "/home/yab/DataPipeline/SCM_Pipeline/myenv/lib/python3.12/site-packages/airflow/jobs/scheduler_job_runner.py", line 1464, in _do_scheduling
    num_queued_tis = self._critical_section_enqueue_task_instances(session=session)
                     ^^^^^^^^^^^^^^^^^^^^^^^^^^^^^^^^^^^^^^^^^^^^^^^^^^^^^^^^^^^^^^
  File "/home/yab/DataPipeline/SCM_Pipeline/myenv/lib/python3.12/site-packages/airflow/jobs/scheduler_job_runner.py", line 784, in _critical_section_enqueue_task_instances
    self._enqueue_task_instances_with_queued_state(queued_tis_per_executor, executor, session=session)
  File "/home/yab/DataPipeline/SCM_Pipeline/myenv/lib/python3.12/site-packages/airflow/jobs/scheduler_job_runner.py", line 715, in _enqueue_task_instances_with_queued_state
    workload = workloads.ExecuteTask.make(ti, generator=executor.jwt_generator)
               ^^^^^^^^^^^^^^^^^^^^^^^^^^^^^^^^^^^^^^^^^^^^^^^^^^^^^^^^^^^^^^^^
  File "/home/yab/DataPipeline/SCM_Pipeline/myenv/lib/python3.12/site-packages/airflow/executors/workloads.py", line 122, in make
    fname = log_filename_template_renderer()(ti=ti)
            ^^^^^^^^^^^^^^^^^^^^^^^^^^^^^^^^
  File "/home/yab/DataPipeline/SCM_Pipeline/myenv/lib/python3.12/site-packages/airflow/utils/helpers.py", line 137, in log_filename_template_renderer
    return jinja2.Template(template).render
           ^^^^^^^^^^^^^^^^^^^^^^^^^
  File "/home/yab/DataPipeline/SCM_Pipeline/myenv/lib/python3.12/site-packages/jinja2/environment.py", line 1214, in __new__
    return env.from_string(source, template_class=cls)
           ^^^^^^^^^^^^^^^^^^^^^^^^^^^^^^^^^^^^^^^^^^^
  File "/home/yab/DataPipeline/SCM_Pipeline/myenv/lib/python3.12/site-packages/jinja2/environment.py", line 1111, in from_string
    return cls.from_code(self, self.compile(source), gs, None)
                               ^^^^^^^^^^^^^^^^^^^^
  File "/home/yab/DataPipeline/SCM_Pipeline/myenv/lib/python3.12/site-packages/jinja2/environment.py", line 771, in compile
    self.handle_exception(source=source_hint)
  File "/home/yab/DataPipeline/SCM_Pipeline/myenv/lib/python3.12/site-packages/jinja2/environment.py", line 942, in handle_exception
    raise rewrite_traceback_stack(source=source)
  File "<unknown>", line 1, in template
jinja2.exceptions.TemplateSyntaxError: Encountered unknown tag 'endif'.
[2025-09-04T18:51:12.134+0300] {local_executor.py:222} INFO - Shutting down LocalExecutor; waiting for running tasks to finish.  Signal again if you don't want to wait.
[2025-09-04T18:51:12.135+0300] {scheduler_job_runner.py:1064} INFO - Exited execute loop
